# Logfile created on 2014-04-25 10:02:28 +0400 by logger.rb/31641
I, [2014-04-25T10:34:06.185210 #9358]  INFO -- : **********************************************
I, [2014-04-25T10:34:06.185323 #9358]  INFO -- : **********************************************
I, [2014-04-25T10:53:07.647367 #9358]  INFO -- : ------------------------------
I, [2014-04-25T10:53:07.647827 #9358]  INFO -- : It took 1141.462576199 seconds to load 12790 json files into the database
I, [2014-04-25T10:53:07.647921 #9358]  INFO -- : ------------------------------
I, [2014-04-25T11:53:02.323768 #10732]  INFO -- : **********************************************
I, [2014-04-25T11:53:02.323812 #10732]  INFO -- : **********************************************
I, [2014-04-25T11:53:29.909334 #10732]  INFO -- : ------------------------------
I, [2014-04-25T11:53:29.909681 #10732]  INFO -- : It took 27.585868868 seconds to load 200 json files into the database
I, [2014-04-25T11:53:29.909787 #10732]  INFO -- : ------------------------------
I, [2014-04-25T11:53:29.909893 #10732]  INFO -- : ------------------------------
I, [2014-04-25T11:53:29.909988 #10732]  INFO -- : dumping database
I, [2014-04-25T11:53:29.910055 #10732]  INFO -- : ------------------------------
I, [2014-04-25T13:23:29.074487 #11572]  INFO -- : **********************************************
I, [2014-04-25T13:23:29.074530 #11572]  INFO -- : **********************************************
I, [2014-04-25T13:23:36.665243 #11572]  INFO -- : ------------------------------
I, [2014-04-25T13:23:36.665576 #11572]  INFO -- : It took 7.591096283 seconds to load 68 json files into the database
I, [2014-04-25T13:23:36.665700 #11572]  INFO -- : ------------------------------
I, [2014-04-25T13:23:36.665890 #11572]  INFO -- : ------------------------------
I, [2014-04-25T13:23:36.666034 #11572]  INFO -- : dumping database
I, [2014-04-25T13:23:36.666170 #11572]  INFO -- : ------------------------------
