I, [2014-04-09T22:09:31.335440 #7687]  INFO -- : **********************************************
I, [2014-04-09T22:09:31.335558 #7687]  INFO -- : **********************************************
I, [2014-04-09T22:09:32.161101 #7687]  INFO -- : ids to process: ["10021019", "10021018", "10018601", "3566675", "10020929", "10020416", "10009445", "10016457", "8562226", "10011429", "10008153", "10016878", "10020003", "10020981", "6104599"]
I, [2014-04-09T22:09:33.075318 #7687]  INFO -- : http://makler.ge/?pg=ann&id=10009445&lan=2 - success
I, [2014-04-09T22:09:33.183938 #7687]  INFO -- : http://makler.ge/?pg=ann&id=10011429&lan=2 - success
I, [2014-04-09T22:09:33.189777 #7687]  INFO -- : http://makler.ge/?pg=ann&id=10009445&lan=1 - success
I, [2014-04-09T22:09:33.272123 #7687]  INFO -- : http://makler.ge/?pg=ann&id=10020416&lan=2 - success
I, [2014-04-09T22:09:33.319804 #7687]  INFO -- : http://makler.ge/?pg=ann&id=8562226&lan=1 - success
I, [2014-04-09T22:09:33.397706 #7687]  INFO -- : http://makler.ge/?pg=ann&id=8562226&lan=2 - success
I, [2014-04-09T22:09:33.466513 #7687]  INFO -- : http://makler.ge/?pg=ann&id=10016457&lan=1 - success
I, [2014-04-09T22:09:33.563030 #7687]  INFO -- : http://makler.ge/?pg=ann&id=10016457&lan=2 - success
I, [2014-04-09T22:09:33.611076 #7687]  INFO -- : http://makler.ge/?pg=ann&id=10020003&lan=1 - success
I, [2014-04-09T22:09:33.644513 #7687]  INFO -- : http://makler.ge/?pg=ann&id=10011429&lan=1 - success
I, [2014-04-09T22:09:33.775698 #7687]  INFO -- : http://makler.ge/?pg=ann&id=10008153&lan=1 - success
I, [2014-04-09T22:09:33.819481 #7687]  INFO -- : http://makler.ge/?pg=ann&id=10020003&lan=2 - success
I, [2014-04-09T22:09:33.840825 #7687]  INFO -- : http://makler.ge/?pg=ann&id=10016878&lan=2 - success
I, [2014-04-09T22:09:33.955266 #7687]  INFO -- : http://makler.ge/?pg=ann&id=10016878&lan=1 - success
I, [2014-04-09T22:09:33.986102 #7687]  INFO -- : http://makler.ge/?pg=ann&id=10020981&lan=1 - success
I, [2014-04-09T22:09:34.034070 #7687]  INFO -- : http://makler.ge/?pg=ann&id=6104599&lan=2 - success
I, [2014-04-09T22:09:34.036022 #7687]  INFO -- : http://makler.ge/?pg=ann&id=10020416&lan=1 - success
I, [2014-04-09T22:09:34.066621 #7687]  INFO -- : http://makler.ge/?pg=ann&id=10020981&lan=2 - success
I, [2014-04-09T22:09:34.067560 #7687]  INFO -- : http://makler.ge/?pg=ann&id=6104599&lan=1 - success
I, [2014-04-09T22:09:34.132584 #7687]  INFO -- : http://makler.ge/?pg=ann&id=10021019&lan=1 - success
I, [2014-04-09T22:09:34.167046 #7687]  INFO -- : http://makler.ge/?pg=ann&id=10008153&lan=2 - success
I, [2014-04-09T22:09:34.246718 #7687]  INFO -- : http://makler.ge/?pg=ann&id=10021018&lan=1 - success
I, [2014-04-09T22:09:34.278038 #7687]  INFO -- : http://makler.ge/?pg=ann&id=10021018&lan=2 - success
I, [2014-04-09T22:09:34.317006 #7687]  INFO -- : http://makler.ge/?pg=ann&id=10018601&lan=1 - success
I, [2014-04-09T22:09:34.355097 #7687]  INFO -- : http://makler.ge/?pg=ann&id=10021019&lan=2 - success
I, [2014-04-09T22:09:34.441983 #7687]  INFO -- : http://makler.ge/?pg=ann&id=10018601&lan=2 - success
I, [2014-04-09T22:09:34.734298 #7687]  INFO -- : http://makler.ge/?pg=ann&id=10020929&lan=1 - success
I, [2014-04-09T22:09:34.736492 #7687]  INFO -- : http://makler.ge/?pg=ann&id=3566675&lan=1 - success
I, [2014-04-09T22:09:34.773792 #7687]  INFO -- : http://makler.ge/?pg=ann&id=3566675&lan=2 - success
I, [2014-04-09T22:09:34.788105 #7687]  INFO -- : http://makler.ge/?pg=ann&id=10020929&lan=2 - success
I, [2014-04-09T22:09:34.788550 #7687]  INFO -- : ------------------------------
I, [2014-04-09T22:09:34.788806 #7687]  INFO -- : It took 3.453301908 seconds to process 30 items
I, [2014-04-09T22:09:34.788910 #7687]  INFO -- : ------------------------------
I, [2014-04-09T22:18:57.064257 #7903]  INFO -- : **********************************************
I, [2014-04-09T22:18:57.064399 #7903]  INFO -- : **********************************************
I, [2014-04-09T22:18:57.917541 #7903]  INFO -- : ids to process: ["10021019", "10021018", "10018601", "3566675", "10020929", "10020416", "10009445", "10016457", "8562226", "10011429", "10008153", "10016878", "10020003", "10020981", "6104599"]
I, [2014-04-09T22:18:58.481227 #7903]  INFO -- : http://makler.ge/?pg=ann&id=10009445&lan=2 - success
I, [2014-04-09T22:18:58.507685 #7903]  INFO -- : http://makler.ge/?pg=ann&id=10009445&lan=1 - success
I, [2014-04-09T22:18:58.521309 #7903]  INFO -- : http://makler.ge/?pg=ann&id=10020416&lan=2 - success
I, [2014-04-09T22:18:58.525604 #7903]  INFO -- : http://makler.ge/?pg=ann&id=10020416&lan=1 - success
I, [2014-04-09T22:18:58.801474 #7903]  INFO -- : http://makler.ge/?pg=ann&id=10016457&lan=2 - success
I, [2014-04-09T22:18:58.817027 #7903]  INFO -- : http://makler.ge/?pg=ann&id=10016457&lan=1 - success
I, [2014-04-09T22:18:58.867573 #7903]  INFO -- : http://makler.ge/?pg=ann&id=8562226&lan=2 - success
I, [2014-04-09T22:18:58.874041 #7903]  INFO -- : http://makler.ge/?pg=ann&id=8562226&lan=1 - success
I, [2014-04-09T22:18:59.391952 #7903]  INFO -- : http://makler.ge/?pg=ann&id=10008153&lan=2 - success
I, [2014-04-09T22:18:59.474352 #7903]  INFO -- : http://makler.ge/?pg=ann&id=10011429&lan=2 - success
I, [2014-04-09T22:18:59.513256 #7903]  INFO -- : http://makler.ge/?pg=ann&id=10020003&lan=2 - success
I, [2014-04-09T22:18:59.554645 #7903]  INFO -- : http://makler.ge/?pg=ann&id=10016878&lan=2 - success
I, [2014-04-09T22:18:59.587416 #7903]  INFO -- : http://makler.ge/?pg=ann&id=10020003&lan=1 - success
I, [2014-04-09T22:18:59.593383 #7903]  INFO -- : http://makler.ge/?pg=ann&id=10011429&lan=1 - success
I, [2014-04-09T22:18:59.595459 #7903]  INFO -- : http://makler.ge/?pg=ann&id=10008153&lan=1 - success
I, [2014-04-09T22:18:59.600193 #7903]  INFO -- : http://makler.ge/?pg=ann&id=10016878&lan=1 - success
I, [2014-04-09T22:18:59.651255 #7903]  INFO -- : http://makler.ge/?pg=ann&id=6104599&lan=2 - success
I, [2014-04-09T22:18:59.712836 #7903]  INFO -- : http://makler.ge/?pg=ann&id=10020981&lan=2 - success
I, [2014-04-09T22:18:59.775992 #7903]  INFO -- : http://makler.ge/?pg=ann&id=10020981&lan=1 - success
I, [2014-04-09T22:18:59.786097 #7903]  INFO -- : http://makler.ge/?pg=ann&id=6104599&lan=1 - success
I, [2014-04-09T22:19:00.088167 #7903]  INFO -- : http://makler.ge/?pg=ann&id=10021018&lan=2 - success
I, [2014-04-09T22:19:00.091842 #7903]  INFO -- : http://makler.ge/?pg=ann&id=10021019&lan=2 - success
I, [2014-04-09T22:19:00.131735 #7903]  INFO -- : http://makler.ge/?pg=ann&id=10021019&lan=1 - success
I, [2014-04-09T22:19:00.182994 #7903]  INFO -- : http://makler.ge/?pg=ann&id=10021018&lan=1 - success
I, [2014-04-09T22:19:00.295523 #7903]  INFO -- : http://makler.ge/?pg=ann&id=10018601&lan=2 - success
I, [2014-04-09T22:19:00.336448 #7903]  INFO -- : http://makler.ge/?pg=ann&id=10018601&lan=1 - success
I, [2014-04-09T22:19:00.467593 #7903]  INFO -- : http://makler.ge/?pg=ann&id=3566675&lan=2 - success
I, [2014-04-09T22:19:00.492196 #7903]  INFO -- : http://makler.ge/?pg=ann&id=3566675&lan=1 - success
I, [2014-04-09T22:19:00.507432 #7903]  INFO -- : http://makler.ge/?pg=ann&id=10020929&lan=1 - success
I, [2014-04-09T22:19:00.526566 #7903]  INFO -- : http://makler.ge/?pg=ann&id=10020929&lan=2 - success
I, [2014-04-09T22:19:00.526792 #7903]  INFO -- : ------------------------------
I, [2014-04-09T22:19:00.526957 #7903]  INFO -- : It took 3.462711958 seconds to process 30 items
I, [2014-04-09T22:19:00.527057 #7903]  INFO -- : ------------------------------
I, [2014-04-09T22:27:22.058332 #8006]  INFO -- : **********************************************
I, [2014-04-09T22:27:22.058436 #8006]  INFO -- : **********************************************
I, [2014-04-09T22:28:22.043352 #8042]  INFO -- : **********************************************
I, [2014-04-09T22:28:22.043452 #8042]  INFO -- : **********************************************
I, [2014-04-09T22:28:24.381140 #8042]  INFO -- : ids to process: ["10015741", "10018851", "3216901", "10019785", "4281131", "5551340", "10002996", "10006231", "10021019", "10021018", "10018601", "3566675", "10020929", "10020416", "10009445"]
I, [2014-04-09T22:28:25.014989 #8042]  INFO -- : http://makler.ge/?pg=ann&id=10021019&lan=2 - success
I, [2014-04-09T22:28:25.016211 #8042]  INFO -- : processing response for id 10021019 and locale 2
I, [2014-04-09T22:28:25.026113 #8042]  INFO -- : http://makler.ge/?pg=ann&id=10002996&lan=1 - success
I, [2014-04-09T22:28:25.027901 #8042]  INFO -- : processing response for id 10002996 and locale 1
I, [2014-04-09T22:28:25.053009 #8042]  INFO -- : http://makler.ge/?pg=ann&id=10006231&lan=1 - success
I, [2014-04-09T22:28:25.054098 #8042]  INFO -- : processing response for id 10006231 and locale 1
I, [2014-04-09T22:28:25.065072 #8042]  INFO -- : http://makler.ge/?pg=ann&id=10002996&lan=2 - success
I, [2014-04-09T22:28:25.066288 #8042]  INFO -- : processing response for id 10002996 and locale 2
I, [2014-04-09T22:28:25.193303 #8042]  INFO -- : http://makler.ge/?pg=ann&id=10021018&lan=2 - success
I, [2014-04-09T22:28:25.193846 #8042]  INFO -- : processing response for id 10021018 and locale 2
I, [2014-04-09T22:28:25.669519 #8042]  INFO -- : http://makler.ge/?pg=ann&id=10006231&lan=2 - success
I, [2014-04-09T22:28:25.670136 #8042]  INFO -- : processing response for id 10006231 and locale 2
I, [2014-04-09T22:28:25.733364 #8042]  INFO -- : http://makler.ge/?pg=ann&id=3566675&lan=2 - success
I, [2014-04-09T22:28:25.734770 #8042]  INFO -- : processing response for id 3566675 and locale 2
I, [2014-04-09T22:28:25.783724 #8042]  INFO -- : http://makler.ge/?pg=ann&id=10020416&lan=1 - success
I, [2014-04-09T22:28:25.784473 #8042]  INFO -- : processing response for id 10020416 and locale 1
I, [2014-04-09T22:28:25.800506 #8042]  INFO -- : http://makler.ge/?pg=ann&id=10018601&lan=1 - success
I, [2014-04-09T22:28:25.801165 #8042]  INFO -- : processing response for id 10018601 and locale 1
I, [2014-04-09T22:28:25.802606 #8042]  INFO -- : http://makler.ge/?pg=ann&id=10021019&lan=1 - success
I, [2014-04-09T22:28:25.803318 #8042]  INFO -- : processing response for id 10021019 and locale 1
I, [2014-04-09T22:28:25.821927 #8042]  INFO -- : http://makler.ge/?pg=ann&id=10021018&lan=1 - success
I, [2014-04-09T22:28:25.822424 #8042]  INFO -- : processing response for id 10021018 and locale 1
I, [2014-04-09T22:28:25.867583 #8042]  INFO -- : http://makler.ge/?pg=ann&id=5551340&lan=2 - success
I, [2014-04-09T22:28:25.867948 #8042]  INFO -- : processing response for id 5551340 and locale 2
I, [2014-04-09T22:28:25.970275 #8042]  INFO -- : http://makler.ge/?pg=ann&id=10018601&lan=2 - success
I, [2014-04-09T22:28:25.970858 #8042]  INFO -- : processing response for id 10018601 and locale 2
I, [2014-04-09T22:28:25.997022 #8042]  INFO -- : http://makler.ge/?pg=ann&id=10009445&lan=1 - success
I, [2014-04-09T22:28:25.999735 #8042]  INFO -- : processing response for id 10009445 and locale 1
I, [2014-04-09T22:28:26.057046 #8042]  INFO -- : http://makler.ge/?pg=ann&id=5551340&lan=1 - success
I, [2014-04-09T22:28:26.058316 #8042]  INFO -- : processing response for id 5551340 and locale 1
I, [2014-04-09T22:28:26.528215 #8042]  INFO -- : http://makler.ge/?pg=ann&id=10020929&lan=2 - success
I, [2014-04-09T22:28:26.530504 #8042]  INFO -- : processing response for id 10020929 and locale 2
I, [2014-04-09T22:28:26.535026 #8042]  INFO -- : http://makler.ge/?pg=ann&id=10009445&lan=2 - success
I, [2014-04-09T22:28:26.536246 #8042]  INFO -- : processing response for id 10009445 and locale 2
I, [2014-04-09T22:28:26.558316 #8042]  INFO -- : http://makler.ge/?pg=ann&id=10015741&lan=2 - success
I, [2014-04-09T22:28:26.561226 #8042]  INFO -- : processing response for id 10015741 and locale 2
I, [2014-04-09T22:28:26.697619 #8042]  INFO -- : http://makler.ge/?pg=ann&id=10018851&lan=1 - success
I, [2014-04-09T22:28:26.700996 #8042]  INFO -- : processing response for id 10018851 and locale 1
I, [2014-04-09T22:28:26.704107 #8042]  INFO -- : http://makler.ge/?pg=ann&id=10015741&lan=1 - success
I, [2014-04-09T22:28:26.704550 #8042]  INFO -- : processing response for id 10015741 and locale 1
I, [2014-04-09T22:28:26.916703 #8042]  INFO -- : http://makler.ge/?pg=ann&id=10018851&lan=2 - success
I, [2014-04-09T22:28:26.917864 #8042]  INFO -- : processing response for id 10018851 and locale 2
I, [2014-04-09T22:28:26.953886 #8042]  INFO -- : http://makler.ge/?pg=ann&id=3216901&lan=2 - success
I, [2014-04-09T22:28:26.954603 #8042]  INFO -- : processing response for id 3216901 and locale 2
I, [2014-04-09T22:28:26.983502 #8042]  INFO -- : http://makler.ge/?pg=ann&id=10019785&lan=2 - success
I, [2014-04-09T22:28:26.984051 #8042]  INFO -- : processing response for id 10019785 and locale 2
I, [2014-04-09T22:28:26.989915 #8042]  INFO -- : http://makler.ge/?pg=ann&id=10019785&lan=1 - success
I, [2014-04-09T22:28:26.991068 #8042]  INFO -- : processing response for id 10019785 and locale 1
I, [2014-04-09T22:28:27.060658 #8042]  INFO -- : http://makler.ge/?pg=ann&id=10020416&lan=2 - success
I, [2014-04-09T22:28:27.062140 #8042]  INFO -- : processing response for id 10020416 and locale 2
I, [2014-04-09T22:28:27.067409 #8042]  INFO -- : http://makler.ge/?pg=ann&id=3216901&lan=1 - success
I, [2014-04-09T22:28:27.067721 #8042]  INFO -- : processing response for id 3216901 and locale 1
I, [2014-04-09T22:28:27.087083 #8042]  INFO -- : http://makler.ge/?pg=ann&id=10020929&lan=1 - success
I, [2014-04-09T22:28:27.087450 #8042]  INFO -- : processing response for id 10020929 and locale 1
I, [2014-04-09T22:28:27.131748 #8042]  INFO -- : http://makler.ge/?pg=ann&id=4281131&lan=2 - success
I, [2014-04-09T22:28:27.132833 #8042]  INFO -- : processing response for id 4281131 and locale 2
I, [2014-04-09T22:28:27.194328 #8042]  INFO -- : http://makler.ge/?pg=ann&id=3566675&lan=1 - success
I, [2014-04-09T22:28:27.194710 #8042]  INFO -- : processing response for id 3566675 and locale 1
I, [2014-04-09T22:28:27.434036 #8042]  INFO -- : http://makler.ge/?pg=ann&id=4281131&lan=1 - success
I, [2014-04-09T22:28:27.435039 #8042]  INFO -- : processing response for id 4281131 and locale 1
I, [2014-04-09T22:28:27.435117 #8042]  INFO -- : ------------------------------
I, [2014-04-09T22:28:27.435289 #8042]  INFO -- : It took 5.391887209 seconds to process 30 items
I, [2014-04-09T22:28:27.435345 #8042]  INFO -- : ------------------------------
I, [2014-04-09T22:39:38.443267 #8205]  INFO -- : **********************************************
I, [2014-04-09T22:39:38.443400 #8205]  INFO -- : **********************************************
I, [2014-04-09T22:39:40.552224 #8205]  INFO -- : http://makler.ge/?pg=ann&id=10002996&lan=2 - success
I, [2014-04-09T22:39:40.552613 #8205]  INFO -- : processing response for id 10002996 and locale 2
I, [2014-04-09T22:40:00.901748 #8236]  INFO -- : **********************************************
I, [2014-04-09T22:40:00.901861 #8236]  INFO -- : **********************************************
I, [2014-04-09T22:40:03.294818 #8236]  INFO -- : http://makler.ge/?pg=ann&id=10002996&lan=2 - success
I, [2014-04-09T22:40:03.296060 #8236]  INFO -- : processing response for id 10002996 and locale 2
I, [2014-04-09T22:40:03.320563 #8236]  INFO -- : header text = For Sale Land n
I, [2014-04-09T22:40:03.374987 #8236]  INFO -- : http://makler.ge/?pg=ann&id=10006231&lan=2 - success
I, [2014-04-09T22:40:03.375970 #8236]  INFO -- : processing response for id 10006231 and locale 2
I, [2014-04-09T22:40:03.394690 #8236]  INFO -- : header text = For Sale Commercial space n
I, [2014-04-09T22:40:03.397576 #8236]  INFO -- : http://makler.ge/?pg=ann&id=10020416&lan=2 - success
I, [2014-04-09T22:40:03.397920 #8236]  INFO -- : processing response for id 10020416 and locale 2
I, [2014-04-09T22:40:03.423540 #8236]  INFO -- : header text = For Sale Apartment n
I, [2014-04-09T22:40:03.548935 #8236]  INFO -- : http://makler.ge/?pg=ann&id=10021018&lan=2 - success
I, [2014-04-09T22:40:03.550113 #8236]  INFO -- : processing response for id 10021018 and locale 2
I, [2014-04-09T22:40:03.573655 #8236]  INFO -- : header text = For Rent Private house n
I, [2014-04-09T22:40:03.671717 #8236]  INFO -- : http://makler.ge/?pg=ann&id=10006231&lan=1 - success
I, [2014-04-09T22:40:03.672972 #8236]  INFO -- : processing response for id 10006231 and locale 1
I, [2014-04-09T22:40:03.703512 #8236]  INFO -- : header text = იყიდება კომერციული ფართი n
I, [2014-04-09T22:40:03.704358 #8236]  INFO -- : http://makler.ge/?pg=ann&id=10020929&lan=2 - success
I, [2014-04-09T22:40:03.704668 #8236]  INFO -- : processing response for id 10020929 and locale 2
I, [2014-04-09T22:40:03.722495 #8236]  INFO -- : header text = For Sale Land n
I, [2014-04-09T22:40:03.723250 #8236]  INFO -- : http://makler.ge/?pg=ann&id=10002996&lan=1 - success
I, [2014-04-09T22:40:03.723543 #8236]  INFO -- : processing response for id 10002996 and locale 1
I, [2014-04-09T22:40:03.744554 #8236]  INFO -- : header text = იყიდება მიწა n
I, [2014-04-09T22:40:03.779806 #8236]  INFO -- : http://makler.ge/?pg=ann&id=10020929&lan=1 - success
I, [2014-04-09T22:40:03.780722 #8236]  INFO -- : processing response for id 10020929 and locale 1
I, [2014-04-09T22:40:03.812550 #8236]  INFO -- : header text = იყიდება მიწა n
I, [2014-04-09T22:40:03.813498 #8236]  INFO -- : http://makler.ge/?pg=ann&id=10021019&lan=1 - success
I, [2014-04-09T22:40:03.813818 #8236]  INFO -- : processing response for id 10021019 and locale 1
I, [2014-04-09T22:40:03.837522 #8236]  INFO -- : header text = ქირავდება ბინა n
I, [2014-04-09T22:40:03.838379 #8236]  INFO -- : http://makler.ge/?pg=ann&id=5551340&lan=1 - success
I, [2014-04-09T22:40:03.838671 #8236]  INFO -- : processing response for id 5551340 and locale 1
I, [2014-04-09T22:40:03.862974 #8236]  INFO -- : header text = იყიდება ბინა n
I, [2014-04-09T22:40:03.863756 #8236]  INFO -- : http://makler.ge/?pg=ann&id=5551340&lan=2 - success
I, [2014-04-09T22:40:03.864032 #8236]  INFO -- : processing response for id 5551340 and locale 2
I, [2014-04-09T22:40:03.885511 #8236]  INFO -- : header text = For Sale Apartment n
I, [2014-04-09T22:40:03.886016 #8236]  INFO -- : http://makler.ge/?pg=ann&id=10018601&lan=2 - success
I, [2014-04-09T22:40:03.886472 #8236]  INFO -- : processing response for id 10018601 and locale 2
I, [2014-04-09T22:40:03.907348 #8236]  INFO -- : header text = For Sale Apartment n
I, [2014-04-09T22:40:04.006223 #8236]  INFO -- : http://makler.ge/?pg=ann&id=3566675&lan=2 - success
I, [2014-04-09T22:40:04.006996 #8236]  INFO -- : processing response for id 3566675 and locale 2
I, [2014-04-09T22:40:04.029506 #8236]  INFO -- : header text = For Rent Apartment n
I, [2014-04-09T22:40:04.082510 #8236]  INFO -- : http://makler.ge/?pg=ann&id=10021019&lan=2 - success
I, [2014-04-09T22:40:04.083095 #8236]  INFO -- : processing response for id 10021019 and locale 2
I, [2014-04-09T22:40:04.109590 #8236]  INFO -- : header text = For Rent Apartment n
I, [2014-04-09T22:40:04.110265 #8236]  INFO -- : http://makler.ge/?pg=ann&id=10020416&lan=1 - success
I, [2014-04-09T22:40:04.110662 #8236]  INFO -- : processing response for id 10020416 and locale 1
I, [2014-04-09T22:40:04.133451 #8236]  INFO -- : header text = იყიდება ბინა n
I, [2014-04-09T22:40:04.133854 #8236]  INFO -- : http://makler.ge/?pg=ann&id=10009445&lan=1 - success
I, [2014-04-09T22:40:04.134097 #8236]  INFO -- : processing response for id 10009445 and locale 1
I, [2014-04-09T22:40:04.153592 #8236]  INFO -- : header text = იყიდება მიწა n
I, [2014-04-09T22:40:04.154219 #8236]  INFO -- : http://makler.ge/?pg=ann&id=10015741&lan=1 - success
I, [2014-04-09T22:40:04.154474 #8236]  INFO -- : processing response for id 10015741 and locale 1
I, [2014-04-09T22:40:04.175342 #8236]  INFO -- : header text = იყიდება ბინა n
I, [2014-04-09T22:40:04.176118 #8236]  INFO -- : http://makler.ge/?pg=ann&id=10015741&lan=2 - success
I, [2014-04-09T22:40:04.176677 #8236]  INFO -- : processing response for id 10015741 and locale 2
I, [2014-04-09T22:40:04.197552 #8236]  INFO -- : header text = For Sale Apartment n
I, [2014-04-09T22:40:04.337791 #8236]  INFO -- : http://makler.ge/?pg=ann&id=10018851&lan=1 - success
I, [2014-04-09T22:40:04.338840 #8236]  INFO -- : processing response for id 10018851 and locale 1
I, [2014-04-09T22:40:04.364242 #8236]  INFO -- : header text = იყიდება ბინა n
I, [2014-04-09T22:40:04.538399 #8236]  INFO -- : http://makler.ge/?pg=ann&id=10009445&lan=2 - success
I, [2014-04-09T22:40:04.539203 #8236]  INFO -- : processing response for id 10009445 and locale 2
I, [2014-04-09T22:40:04.565638 #8236]  INFO -- : header text = For Sale Land n
I, [2014-04-09T22:40:04.668680 #8236]  INFO -- : http://makler.ge/?pg=ann&id=10018851&lan=2 - success
I, [2014-04-09T22:40:04.670006 #8236]  INFO -- : processing response for id 10018851 and locale 2
I, [2014-04-09T22:40:04.698447 #8236]  INFO -- : header text = For Sale Apartment n
I, [2014-04-09T22:40:04.734050 #8236]  INFO -- : http://makler.ge/?pg=ann&id=3566675&lan=1 - success
I, [2014-04-09T22:40:04.734629 #8236]  INFO -- : processing response for id 3566675 and locale 1
I, [2014-04-09T22:40:04.767721 #8236]  INFO -- : header text = ქირავდება ბინა n
I, [2014-04-09T22:40:04.808569 #8236]  INFO -- : http://makler.ge/?pg=ann&id=3216901&lan=2 - success
I, [2014-04-09T22:40:04.808917 #8236]  INFO -- : processing response for id 3216901 and locale 2
I, [2014-04-09T22:40:04.835190 #8236]  INFO -- : header text = For Rent Apartment n
I, [2014-04-09T22:40:04.836403 #8236]  INFO -- : http://makler.ge/?pg=ann&id=10019785&lan=2 - success
I, [2014-04-09T22:40:04.836717 #8236]  INFO -- : processing response for id 10019785 and locale 2
I, [2014-04-09T22:40:04.858533 #8236]  INFO -- : header text = For Sale Land n
I, [2014-04-09T22:40:04.859160 #8236]  INFO -- : http://makler.ge/?pg=ann&id=3216901&lan=1 - success
I, [2014-04-09T22:40:04.859455 #8236]  INFO -- : processing response for id 3216901 and locale 1
I, [2014-04-09T22:40:04.879143 #8236]  INFO -- : header text = ქირავდება ბინა n
I, [2014-04-09T22:40:04.889192 #8236]  INFO -- : http://makler.ge/?pg=ann&id=10019785&lan=1 - success
I, [2014-04-09T22:40:04.889829 #8236]  INFO -- : processing response for id 10019785 and locale 1
I, [2014-04-09T22:40:04.924485 #8236]  INFO -- : header text = იყიდება მიწა n
I, [2014-04-09T22:40:04.938187 #8236]  INFO -- : http://makler.ge/?pg=ann&id=4281131&lan=1 - success
I, [2014-04-09T22:40:04.938531 #8236]  INFO -- : processing response for id 4281131 and locale 1
I, [2014-04-09T22:40:04.962792 #8236]  INFO -- : header text = იყიდება ბინა n
I, [2014-04-09T22:40:04.977968 #8236]  INFO -- : http://makler.ge/?pg=ann&id=10018601&lan=1 - success
I, [2014-04-09T22:40:04.978542 #8236]  INFO -- : processing response for id 10018601 and locale 1
I, [2014-04-09T22:40:05.009567 #8236]  INFO -- : header text = იყიდება ბინა n
I, [2014-04-09T22:40:05.022714 #8236]  INFO -- : http://makler.ge/?pg=ann&id=4281131&lan=2 - success
I, [2014-04-09T22:40:05.023742 #8236]  INFO -- : processing response for id 4281131 and locale 2
I, [2014-04-09T22:40:05.047742 #8236]  INFO -- : header text = For Sale Apartment n
I, [2014-04-09T22:40:05.228168 #8236]  INFO -- : http://makler.ge/?pg=ann&id=10021018&lan=1 - success
I, [2014-04-09T22:40:05.228506 #8236]  INFO -- : processing response for id 10021018 and locale 1
I, [2014-04-09T22:40:05.250180 #8236]  INFO -- : header text = ქირავდება საკუთარი სახლი n
I, [2014-04-09T22:40:05.250291 #8236]  INFO -- : ------------------------------
I, [2014-04-09T22:40:05.250376 #8236]  INFO -- : It took 4.348660297 seconds to process 30 items
I, [2014-04-09T22:40:05.250422 #8236]  INFO -- : ------------------------------
I, [2014-04-09T22:40:21.654732 #8265]  INFO -- : **********************************************
I, [2014-04-09T22:40:21.655292 #8265]  INFO -- : **********************************************
I, [2014-04-09T22:40:25.020545 #8265]  INFO -- : http://makler.ge/?pg=ann&id=10021019&lan=2 - success
I, [2014-04-09T22:40:25.020990 #8265]  INFO -- : processing response for id 10021019 and locale 2
I, [2014-04-09T22:40:25.042742 #8265]  INFO -- : header text = For Rent Apartment n
I, [2014-04-09T22:40:25.192795 #8265]  INFO -- : http://makler.ge/?pg=ann&id=10021019&lan=1 - success
I, [2014-04-09T22:40:25.194121 #8265]  INFO -- : processing response for id 10021019 and locale 1
I, [2014-04-09T22:40:25.222905 #8265]  INFO -- : header text = ქირავდება ბინა n
I, [2014-04-09T22:40:25.677071 #8265]  INFO -- : http://makler.ge/?pg=ann&id=10018601&lan=2 - success
I, [2014-04-09T22:40:25.678082 #8265]  INFO -- : processing response for id 10018601 and locale 2
I, [2014-04-09T22:40:25.703801 #8265]  INFO -- : header text = For Sale Apartment n
I, [2014-04-09T22:40:25.735387 #8265]  INFO -- : http://makler.ge/?pg=ann&id=10021018&lan=1 - success
I, [2014-04-09T22:40:25.735796 #8265]  INFO -- : processing response for id 10021018 and locale 1
I, [2014-04-09T22:40:25.760721 #8265]  INFO -- : header text = ქირავდება საკუთარი სახლი n
I, [2014-04-09T22:40:25.774138 #8265]  INFO -- : http://makler.ge/?pg=ann&id=10002996&lan=1 - success
I, [2014-04-09T22:40:25.775247 #8265]  INFO -- : processing response for id 10002996 and locale 1
I, [2014-04-09T22:40:25.796998 #8265]  INFO -- : header text = იყიდება მიწა n
I, [2014-04-09T22:40:25.797889 #8265]  INFO -- : http://makler.ge/?pg=ann&id=10018601&lan=1 - success
I, [2014-04-09T22:40:25.798300 #8265]  INFO -- : processing response for id 10018601 and locale 1
I, [2014-04-09T22:40:25.818993 #8265]  INFO -- : header text = იყიდება ბინა n
I, [2014-04-09T22:40:25.953644 #8265]  INFO -- : http://makler.ge/?pg=ann&id=3566675&lan=1 - success
I, [2014-04-09T22:40:25.954665 #8265]  INFO -- : processing response for id 3566675 and locale 1
I, [2014-04-09T22:40:25.987439 #8265]  INFO -- : header text = ქირავდება ბინა n
I, [2014-04-09T22:40:26.193444 #8265]  INFO -- : http://makler.ge/?pg=ann&id=10006231&lan=1 - success
I, [2014-04-09T22:40:26.194579 #8265]  INFO -- : processing response for id 10006231 and locale 1
I, [2014-04-09T22:40:26.232858 #8265]  INFO -- : header text = იყიდება კომერციული ფართი n
I, [2014-04-09T22:40:26.298071 #8265]  INFO -- : http://makler.ge/?pg=ann&id=10020929&lan=1 - success
I, [2014-04-09T22:40:26.299178 #8265]  INFO -- : processing response for id 10020929 and locale 1
I, [2014-04-09T22:40:26.323979 #8265]  INFO -- : header text = იყიდება მიწა n
I, [2014-04-09T22:40:26.324825 #8265]  INFO -- : http://makler.ge/?pg=ann&id=5551340&lan=1 - success
I, [2014-04-09T22:40:26.325092 #8265]  INFO -- : processing response for id 5551340 and locale 1
I, [2014-04-09T22:40:26.349359 #8265]  INFO -- : header text = იყიდება ბინა n
I, [2014-04-09T22:40:26.350380 #8265]  INFO -- : http://makler.ge/?pg=ann&id=10020416&lan=1 - success
I, [2014-04-09T22:40:26.350650 #8265]  INFO -- : processing response for id 10020416 and locale 1
I, [2014-04-09T22:40:26.372093 #8265]  INFO -- : header text = იყიდება ბინა n
I, [2014-04-09T22:40:26.397848 #8265]  INFO -- : http://makler.ge/?pg=ann&id=10009445&lan=1 - success
I, [2014-04-09T22:40:26.398950 #8265]  INFO -- : processing response for id 10009445 and locale 1
I, [2014-04-09T22:40:26.423079 #8265]  INFO -- : header text = იყიდება მიწა n
I, [2014-04-09T22:40:26.424203 #8265]  INFO -- : http://makler.ge/?pg=ann&id=10009445&lan=2 - success
I, [2014-04-09T22:40:26.424474 #8265]  INFO -- : processing response for id 10009445 and locale 2
I, [2014-04-09T22:40:26.446156 #8265]  INFO -- : header text = For Sale Land n
I, [2014-04-09T22:40:26.468214 #8265]  INFO -- : http://makler.ge/?pg=ann&id=10020929&lan=2 - success
I, [2014-04-09T22:40:26.469166 #8265]  INFO -- : processing response for id 10020929 and locale 2
I, [2014-04-09T22:40:26.501439 #8265]  INFO -- : header text = For Sale Land n
I, [2014-04-09T22:40:26.502082 #8265]  INFO -- : http://makler.ge/?pg=ann&id=5551340&lan=2 - success
I, [2014-04-09T22:40:26.502345 #8265]  INFO -- : processing response for id 5551340 and locale 2
I, [2014-04-09T22:40:26.526043 #8265]  INFO -- : header text = For Sale Apartment n
I, [2014-04-09T22:40:26.526492 #8265]  INFO -- : http://makler.ge/?pg=ann&id=10006231&lan=2 - success
I, [2014-04-09T22:40:26.526808 #8265]  INFO -- : processing response for id 10006231 and locale 2
I, [2014-04-09T22:40:26.545016 #8265]  INFO -- : header text = For Sale Commercial space n
I, [2014-04-09T22:40:26.564093 #8265]  INFO -- : http://makler.ge/?pg=ann&id=10020416&lan=2 - success
I, [2014-04-09T22:40:26.565040 #8265]  INFO -- : processing response for id 10020416 and locale 2
I, [2014-04-09T22:40:26.590270 #8265]  INFO -- : header text = For Sale Apartment n
I, [2014-04-09T22:40:26.603484 #8265]  INFO -- : http://makler.ge/?pg=ann&id=10018851&lan=2 - success
I, [2014-04-09T22:40:26.615700 #8265]  INFO -- : processing response for id 10018851 and locale 2
I, [2014-04-09T22:40:26.638918 #8265]  INFO -- : header text = For Sale Apartment n
I, [2014-04-09T22:40:26.719437 #8265]  INFO -- : http://makler.ge/?pg=ann&id=3566675&lan=2 - success
I, [2014-04-09T22:40:26.720572 #8265]  INFO -- : processing response for id 3566675 and locale 2
I, [2014-04-09T22:40:26.755923 #8265]  INFO -- : header text = For Rent Apartment n
I, [2014-04-09T22:40:26.756604 #8265]  INFO -- : http://makler.ge/?pg=ann&id=10015741&lan=1 - success
I, [2014-04-09T22:40:26.756899 #8265]  INFO -- : processing response for id 10015741 and locale 1
I, [2014-04-09T22:40:26.782827 #8265]  INFO -- : header text = იყიდება ბინა n
I, [2014-04-09T22:40:26.783265 #8265]  INFO -- : http://makler.ge/?pg=ann&id=10015741&lan=2 - success
I, [2014-04-09T22:40:26.783532 #8265]  INFO -- : processing response for id 10015741 and locale 2
I, [2014-04-09T22:40:26.805118 #8265]  INFO -- : header text = For Sale Apartment n
I, [2014-04-09T22:40:26.806012 #8265]  INFO -- : http://makler.ge/?pg=ann&id=3216901&lan=1 - success
I, [2014-04-09T22:40:26.806292 #8265]  INFO -- : processing response for id 3216901 and locale 1
I, [2014-04-09T22:40:26.828034 #8265]  INFO -- : header text = ქირავდება ბინა n
I, [2014-04-09T22:40:26.844562 #8265]  INFO -- : http://makler.ge/?pg=ann&id=10019785&lan=2 - success
I, [2014-04-09T22:40:26.845206 #8265]  INFO -- : processing response for id 10019785 and locale 2
I, [2014-04-09T22:40:26.871069 #8265]  INFO -- : header text = For Sale Land n
I, [2014-04-09T22:40:26.879222 #8265]  INFO -- : http://makler.ge/?pg=ann&id=10002996&lan=2 - success
I, [2014-04-09T22:40:26.879608 #8265]  INFO -- : processing response for id 10002996 and locale 2
I, [2014-04-09T22:40:26.905268 #8265]  INFO -- : header text = For Sale Land n
I, [2014-04-09T22:40:26.999670 #8265]  INFO -- : http://makler.ge/?pg=ann&id=3216901&lan=2 - success
I, [2014-04-09T22:40:27.000870 #8265]  INFO -- : processing response for id 3216901 and locale 2
I, [2014-04-09T22:40:27.030522 #8265]  INFO -- : header text = For Rent Apartment n
I, [2014-04-09T22:40:27.031263 #8265]  INFO -- : http://makler.ge/?pg=ann&id=10018851&lan=1 - success
I, [2014-04-09T22:40:27.031628 #8265]  INFO -- : processing response for id 10018851 and locale 1
I, [2014-04-09T22:40:27.057698 #8265]  INFO -- : header text = იყიდება ბინა n
I, [2014-04-09T22:40:27.058576 #8265]  INFO -- : http://makler.ge/?pg=ann&id=4281131&lan=1 - success
I, [2014-04-09T22:40:27.058917 #8265]  INFO -- : processing response for id 4281131 and locale 1
I, [2014-04-09T22:40:27.082494 #8265]  INFO -- : header text = იყიდება ბინა n
I, [2014-04-09T22:40:27.082902 #8265]  INFO -- : http://makler.ge/?pg=ann&id=4281131&lan=2 - success
I, [2014-04-09T22:40:27.083173 #8265]  INFO -- : processing response for id 4281131 and locale 2
I, [2014-04-09T22:40:27.106058 #8265]  INFO -- : header text = For Sale Apartment n
I, [2014-04-09T22:40:27.330190 #8265]  INFO -- : http://makler.ge/?pg=ann&id=10019785&lan=1 - success
I, [2014-04-09T22:40:27.331273 #8265]  INFO -- : processing response for id 10019785 and locale 1
I, [2014-04-09T22:40:27.361172 #8265]  INFO -- : header text = იყიდება მიწა n
I, [2014-04-09T22:40:27.405284 #8265]  INFO -- : http://makler.ge/?pg=ann&id=10021018&lan=2 - success
I, [2014-04-09T22:40:27.406139 #8265]  INFO -- : processing response for id 10021018 and locale 2
I, [2014-04-09T22:40:27.433765 #8265]  INFO -- : header text = For Rent Private house n
I, [2014-04-09T22:40:27.433867 #8265]  INFO -- : ------------------------------
I, [2014-04-09T22:40:27.433954 #8265]  INFO -- : It took 5.779579652 seconds to process 30 items
I, [2014-04-09T22:40:27.433991 #8265]  INFO -- : ------------------------------
I, [2014-04-09T22:43:15.111707 #8358]  INFO -- : **********************************************
I, [2014-04-09T22:43:15.111842 #8358]  INFO -- : **********************************************
I, [2014-04-09T22:43:16.727633 #8358]  INFO -- : http://makler.ge/?pg=ann&id=10018601&lan=2 - success
I, [2014-04-09T22:43:16.729045 #8358]  INFO -- : processing response for id 10018601 and locale 2
I, [2014-04-09T22:43:25.240696 #8385]  INFO -- : **********************************************
I, [2014-04-09T22:43:25.240805 #8385]  INFO -- : **********************************************
I, [2014-04-09T22:43:26.564491 #8385]  INFO -- : http://makler.ge/?pg=ann&id=10006231&lan=2 - success
I, [2014-04-09T22:43:26.565842 #8385]  INFO -- : processing response for id 10006231 and locale 2
I, [2014-04-09T22:43:26.601366 #8385]  INFO -- : header text = For Sale Commercial space
I, [2014-04-09T22:43:26.606603 #8385]  INFO -- : http://makler.ge/?pg=ann&id=10006231&lan=1 - success
I, [2014-04-09T22:43:26.606868 #8385]  INFO -- : processing response for id 10006231 and locale 1
I, [2014-04-09T22:43:26.627286 #8385]  INFO -- : header text = იყიდება კომერციული ფართი
I, [2014-04-09T22:43:27.226391 #8385]  INFO -- : http://makler.ge/?pg=ann&id=10002996&lan=1 - success
I, [2014-04-09T22:43:27.227696 #8385]  INFO -- : processing response for id 10002996 and locale 1
I, [2014-04-09T22:43:27.250193 #8385]  INFO -- : header text = იყიდება მიწა
I, [2014-04-09T22:43:27.257472 #8385]  INFO -- : http://makler.ge/?pg=ann&id=10021018&lan=1 - success
I, [2014-04-09T22:43:27.257863 #8385]  INFO -- : processing response for id 10021018 and locale 1
I, [2014-04-09T22:43:27.278158 #8385]  INFO -- : header text = ქირავდება საკუთარი სახლი
I, [2014-04-09T22:43:27.319527 #8385]  INFO -- : http://makler.ge/?pg=ann&id=10021018&lan=2 - success
I, [2014-04-09T22:43:27.320213 #8385]  INFO -- : processing response for id 10021018 and locale 2
I, [2014-04-09T22:43:27.344976 #8385]  INFO -- : header text = For Rent Private house
I, [2014-04-09T22:43:27.345766 #8385]  INFO -- : http://makler.ge/?pg=ann&id=10002996&lan=2 - success
I, [2014-04-09T22:43:27.346024 #8385]  INFO -- : processing response for id 10002996 and locale 2
I, [2014-04-09T22:43:27.365514 #8385]  INFO -- : header text = For Sale Land
I, [2014-04-09T22:43:27.400370 #8385]  INFO -- : http://makler.ge/?pg=ann&id=10020929&lan=1 - success
I, [2014-04-09T22:43:27.401392 #8385]  INFO -- : processing response for id 10020929 and locale 1
I, [2014-04-09T22:43:27.430183 #8385]  INFO -- : header text = იყიდება მიწა
I, [2014-04-09T22:43:27.431099 #8385]  INFO -- : http://makler.ge/?pg=ann&id=10021019&lan=2 - success
I, [2014-04-09T22:43:27.431391 #8385]  INFO -- : processing response for id 10021019 and locale 2
I, [2014-04-09T22:43:27.454250 #8385]  INFO -- : header text = For Rent Apartment
I, [2014-04-09T22:43:27.455046 #8385]  INFO -- : http://makler.ge/?pg=ann&id=10018601&lan=2 - success
I, [2014-04-09T22:43:27.455339 #8385]  INFO -- : processing response for id 10018601 and locale 2
I, [2014-04-09T22:43:27.476279 #8385]  INFO -- : header text = For Sale Apartment
I, [2014-04-09T22:43:27.477074 #8385]  INFO -- : http://makler.ge/?pg=ann&id=10021019&lan=1 - success
I, [2014-04-09T22:43:27.477354 #8385]  INFO -- : processing response for id 10021019 and locale 1
I, [2014-04-09T22:43:27.505921 #8385]  INFO -- : header text = ქირავდება ბინა
I, [2014-04-09T22:43:27.635581 #8385]  INFO -- : http://makler.ge/?pg=ann&id=10020416&lan=1 - success
I, [2014-04-09T22:43:27.636756 #8385]  INFO -- : processing response for id 10020416 and locale 1
I, [2014-04-09T22:43:27.678341 #8385]  INFO -- : header text = იყიდება ბინა
I, [2014-04-09T22:43:27.679131 #8385]  INFO -- : http://makler.ge/?pg=ann&id=10020416&lan=2 - success
I, [2014-04-09T22:43:27.679492 #8385]  INFO -- : processing response for id 10020416 and locale 2
I, [2014-04-09T22:43:27.700021 #8385]  INFO -- : header text = For Sale Apartment
I, [2014-04-09T22:43:27.790256 #8385]  INFO -- : http://makler.ge/?pg=ann&id=5551340&lan=2 - success
I, [2014-04-09T22:43:27.791650 #8385]  INFO -- : processing response for id 5551340 and locale 2
I, [2014-04-09T22:43:27.826444 #8385]  INFO -- : header text = For Sale Apartment
I, [2014-04-09T22:43:27.827475 #8385]  INFO -- : http://makler.ge/?pg=ann&id=3566675&lan=1 - success
I, [2014-04-09T22:43:27.827878 #8385]  INFO -- : processing response for id 3566675 and locale 1
I, [2014-04-09T22:43:27.847447 #8385]  INFO -- : header text = ქირავდება ბინა
I, [2014-04-09T22:43:27.879272 #8385]  INFO -- : http://makler.ge/?pg=ann&id=3566675&lan=2 - success
I, [2014-04-09T22:43:27.880489 #8385]  INFO -- : processing response for id 3566675 and locale 2
I, [2014-04-09T22:43:27.904204 #8385]  INFO -- : header text = For Rent Apartment
I, [2014-04-09T22:43:27.904868 #8385]  INFO -- : http://makler.ge/?pg=ann&id=10009445&lan=2 - success
I, [2014-04-09T22:43:27.905134 #8385]  INFO -- : processing response for id 10009445 and locale 2
I, [2014-04-09T22:43:27.925360 #8385]  INFO -- : header text = For Sale Land
I, [2014-04-09T22:43:28.162082 #8385]  INFO -- : http://makler.ge/?pg=ann&id=10009445&lan=1 - success
I, [2014-04-09T22:43:28.163488 #8385]  INFO -- : processing response for id 10009445 and locale 1
I, [2014-04-09T22:43:28.194886 #8385]  INFO -- : header text = იყიდება მიწა
I, [2014-04-09T22:43:28.226556 #8385]  INFO -- : http://makler.ge/?pg=ann&id=10020929&lan=2 - success
I, [2014-04-09T22:43:28.227021 #8385]  INFO -- : processing response for id 10020929 and locale 2
I, [2014-04-09T22:43:28.258563 #8385]  INFO -- : header text = For Sale Land
I, [2014-04-09T22:43:28.260630 #8385]  INFO -- : http://makler.ge/?pg=ann&id=10015741&lan=2 - success
I, [2014-04-09T22:43:28.261078 #8385]  INFO -- : processing response for id 10015741 and locale 2
I, [2014-04-09T22:43:28.292449 #8385]  INFO -- : header text = For Sale Apartment
I, [2014-04-09T22:43:28.302786 #8385]  INFO -- : http://makler.ge/?pg=ann&id=10015741&lan=1 - success
I, [2014-04-09T22:43:28.303226 #8385]  INFO -- : processing response for id 10015741 and locale 1
I, [2014-04-09T22:43:28.326351 #8385]  INFO -- : header text = იყიდება ბინა
I, [2014-04-09T22:43:28.327065 #8385]  INFO -- : http://makler.ge/?pg=ann&id=10019785&lan=2 - success
I, [2014-04-09T22:43:28.327397 #8385]  INFO -- : processing response for id 10019785 and locale 2
I, [2014-04-09T22:43:28.345940 #8385]  INFO -- : header text = For Sale Land
I, [2014-04-09T22:43:28.368300 #8385]  INFO -- : http://makler.ge/?pg=ann&id=10019785&lan=1 - success
I, [2014-04-09T22:43:28.368776 #8385]  INFO -- : processing response for id 10019785 and locale 1
I, [2014-04-09T22:43:28.393855 #8385]  INFO -- : header text = იყიდება მიწა
I, [2014-04-09T22:43:28.394488 #8385]  INFO -- : http://makler.ge/?pg=ann&id=10018851&lan=2 - success
I, [2014-04-09T22:43:28.394753 #8385]  INFO -- : processing response for id 10018851 and locale 2
I, [2014-04-09T22:43:28.418928 #8385]  INFO -- : header text = For Sale Apartment
I, [2014-04-09T22:43:28.419514 #8385]  INFO -- : http://makler.ge/?pg=ann&id=3216901&lan=1 - success
I, [2014-04-09T22:43:28.419805 #8385]  INFO -- : processing response for id 3216901 and locale 1
I, [2014-04-09T22:43:28.441111 #8385]  INFO -- : header text = ქირავდება ბინა
I, [2014-04-09T22:43:28.456909 #8385]  INFO -- : http://makler.ge/?pg=ann&id=5551340&lan=1 - success
I, [2014-04-09T22:43:28.457246 #8385]  INFO -- : processing response for id 5551340 and locale 1
I, [2014-04-09T22:43:28.489912 #8385]  INFO -- : header text = იყიდება ბინა
I, [2014-04-09T22:43:28.507550 #8385]  INFO -- : http://makler.ge/?pg=ann&id=3216901&lan=2 - success
I, [2014-04-09T22:43:28.507961 #8385]  INFO -- : processing response for id 3216901 and locale 2
I, [2014-04-09T22:43:28.538770 #8385]  INFO -- : header text = For Rent Apartment
I, [2014-04-09T22:43:28.539451 #8385]  INFO -- : http://makler.ge/?pg=ann&id=4281131&lan=2 - success
I, [2014-04-09T22:43:28.539709 #8385]  INFO -- : processing response for id 4281131 and locale 2
I, [2014-04-09T22:43:28.559435 #8385]  INFO -- : header text = For Sale Apartment
I, [2014-04-09T22:43:28.560043 #8385]  INFO -- : http://makler.ge/?pg=ann&id=10018601&lan=1 - success
I, [2014-04-09T22:43:28.560303 #8385]  INFO -- : processing response for id 10018601 and locale 1
I, [2014-04-09T22:43:28.586709 #8385]  INFO -- : header text = იყიდება ბინა
I, [2014-04-09T22:43:28.587141 #8385]  INFO -- : http://makler.ge/?pg=ann&id=4281131&lan=1 - success
I, [2014-04-09T22:43:28.587396 #8385]  INFO -- : processing response for id 4281131 and locale 1
I, [2014-04-09T22:43:28.609367 #8385]  INFO -- : header text = იყიდება ბინა
I, [2014-04-09T22:43:28.664608 #8385]  INFO -- : http://makler.ge/?pg=ann&id=10018851&lan=1 - success
I, [2014-04-09T22:43:28.665864 #8385]  INFO -- : processing response for id 10018851 and locale 1
I, [2014-04-09T22:43:28.693078 #8385]  INFO -- : header text = იყიდება ბინა
I, [2014-04-09T22:43:28.693182 #8385]  INFO -- : ------------------------------
I, [2014-04-09T22:43:28.693260 #8385]  INFO -- : It took 3.452596543 seconds to process 30 items
I, [2014-04-09T22:43:28.693294 #8385]  INFO -- : ------------------------------
I, [2014-04-09T22:59:15.340066 #8685]  INFO -- : **********************************************
I, [2014-04-09T22:59:15.340221 #8685]  INFO -- : **********************************************
I, [2014-04-09T22:59:17.501020 #8685]  INFO -- : http://makler.ge/?pg=ann&id=10021019&lan=2 - success
I, [2014-04-09T22:59:17.501960 #8685]  INFO -- : processing response for id 10021019 and locale 2
I, [2014-04-09T22:59:17.542986 #8685]  INFO -- : page type text = For Rent Apartment
I, [2014-04-09T23:00:27.081136 #8720]  INFO -- : **********************************************
I, [2014-04-09T23:00:27.082027 #8720]  INFO -- : **********************************************
I, [2014-04-09T23:00:28.869056 #8720]  INFO -- : http://makler.ge/?pg=ann&id=10006231&lan=2 - success
I, [2014-04-09T23:00:28.870547 #8720]  INFO -- : processing response for id 10006231 and locale 2
I, [2014-04-09T23:00:28.893844 #8720]  INFO -- : page type text = For Sale Commercial space
I, [2014-04-09T23:00:39.077508 #8748]  INFO -- : **********************************************
I, [2014-04-09T23:00:39.077614 #8748]  INFO -- : **********************************************
I, [2014-04-09T23:00:40.701320 #8748]  INFO -- : http://makler.ge/?pg=ann&id=10002996&lan=2 - success
I, [2014-04-09T23:00:40.702481 #8748]  INFO -- : processing response for id 10002996 and locale 2
I, [2014-04-09T23:00:40.727101 #8748]  INFO -- : page type text = For Sale Land
I, [2014-04-09T23:00:40.792734 #8748]  INFO -- : http://makler.ge/?pg=ann&id=5551340&lan=2 - success
I, [2014-04-09T23:00:40.793701 #8748]  INFO -- : processing response for id 5551340 and locale 2
I, [2014-04-09T23:00:40.830020 #8748]  INFO -- : page type text = For Sale Apartment
I, [2014-04-09T23:00:40.830892 #8748]  INFO -- : http://makler.ge/?pg=ann&id=10006231&lan=1 - success
I, [2014-04-09T23:00:40.831149 #8748]  INFO -- : processing response for id 10006231 and locale 1
I, [2014-04-09T23:00:40.849845 #8748]  INFO -- : page type text = იყიდება კომერციული ფართი
I, [2014-04-09T23:00:40.872148 #8748]  INFO -- : http://makler.ge/?pg=ann&id=10002996&lan=1 - success
I, [2014-04-09T23:00:40.873632 #8748]  INFO -- : processing response for id 10002996 and locale 1
I, [2014-04-09T23:00:40.898213 #8748]  INFO -- : page type text = იყიდება მიწა
I, [2014-04-09T23:00:41.002183 #8748]  INFO -- : http://makler.ge/?pg=ann&id=5551340&lan=1 - success
I, [2014-04-09T23:00:41.003283 #8748]  INFO -- : processing response for id 5551340 and locale 1
I, [2014-04-09T23:00:41.025430 #8748]  INFO -- : page type text = იყიდება ბინა
I, [2014-04-09T23:00:41.048457 #8748]  INFO -- : http://makler.ge/?pg=ann&id=10006231&lan=2 - success
I, [2014-04-09T23:00:41.049245 #8748]  INFO -- : processing response for id 10006231 and locale 2
I, [2014-04-09T23:00:41.076278 #8748]  INFO -- : page type text = For Sale Commercial space
I, [2014-04-09T23:00:41.077132 #8748]  INFO -- : http://makler.ge/?pg=ann&id=10021018&lan=2 - success
I, [2014-04-09T23:00:41.077495 #8748]  INFO -- : processing response for id 10021018 and locale 2
I, [2014-04-09T23:00:41.096326 #8748]  INFO -- : page type text = For Rent Private house
I, [2014-04-09T23:00:41.105850 #8748]  INFO -- : http://makler.ge/?pg=ann&id=10018601&lan=2 - success
I, [2014-04-09T23:00:41.106236 #8748]  INFO -- : processing response for id 10018601 and locale 2
I, [2014-04-09T23:00:41.130947 #8748]  INFO -- : page type text = For Sale Apartment
I, [2014-04-09T23:00:41.131821 #8748]  INFO -- : http://makler.ge/?pg=ann&id=10021019&lan=2 - success
I, [2014-04-09T23:00:41.132140 #8748]  INFO -- : processing response for id 10021019 and locale 2
I, [2014-04-09T23:00:41.152406 #8748]  INFO -- : page type text = For Rent Apartment
I, [2014-04-09T23:00:41.192907 #8748]  INFO -- : http://makler.ge/?pg=ann&id=10020416&lan=1 - success
I, [2014-04-09T23:00:41.193310 #8748]  INFO -- : processing response for id 10020416 and locale 1
I, [2014-04-09T23:00:41.216151 #8748]  INFO -- : page type text = იყიდება ბინა
I, [2014-04-09T23:00:41.217229 #8748]  INFO -- : http://makler.ge/?pg=ann&id=10021019&lan=1 - success
I, [2014-04-09T23:00:41.217498 #8748]  INFO -- : processing response for id 10021019 and locale 1
I, [2014-04-09T23:00:41.236807 #8748]  INFO -- : page type text = ქირავდება ბინა
I, [2014-04-09T23:00:41.237299 #8748]  INFO -- : http://makler.ge/?pg=ann&id=10021018&lan=1 - success
I, [2014-04-09T23:00:41.237570 #8748]  INFO -- : processing response for id 10021018 and locale 1
I, [2014-04-09T23:00:41.255702 #8748]  INFO -- : page type text = ქირავდება საკუთარი სახლი
I, [2014-04-09T23:00:41.450405 #8748]  INFO -- : http://makler.ge/?pg=ann&id=10009445&lan=2 - success
I, [2014-04-09T23:00:41.451462 #8748]  INFO -- : processing response for id 10009445 and locale 2
I, [2014-04-09T23:00:41.480855 #8748]  INFO -- : page type text = For Sale Land
I, [2014-04-09T23:00:41.503850 #8748]  INFO -- : http://makler.ge/?pg=ann&id=10020416&lan=2 - success
I, [2014-04-09T23:00:41.504929 #8748]  INFO -- : processing response for id 10020416 and locale 2
I, [2014-04-09T23:00:41.537646 #8748]  INFO -- : page type text = For Sale Apartment
I, [2014-04-09T23:00:41.538321 #8748]  INFO -- : http://makler.ge/?pg=ann&id=10020929&lan=2 - success
I, [2014-04-09T23:00:41.538588 #8748]  INFO -- : processing response for id 10020929 and locale 2
I, [2014-04-09T23:00:41.559664 #8748]  INFO -- : page type text = For Sale Land
I, [2014-04-09T23:00:41.596677 #8748]  INFO -- : http://makler.ge/?pg=ann&id=10020929&lan=1 - success
I, [2014-04-09T23:00:41.597240 #8748]  INFO -- : processing response for id 10020929 and locale 1
I, [2014-04-09T23:00:41.622803 #8748]  INFO -- : page type text = იყიდება მიწა
I, [2014-04-09T23:00:41.623478 #8748]  INFO -- : http://makler.ge/?pg=ann&id=10018601&lan=1 - success
I, [2014-04-09T23:00:41.623753 #8748]  INFO -- : processing response for id 10018601 and locale 1
I, [2014-04-09T23:00:41.646579 #8748]  INFO -- : page type text = იყიდება ბინა
I, [2014-04-09T23:00:41.780033 #8748]  INFO -- : http://makler.ge/?pg=ann&id=3566675&lan=2 - success
I, [2014-04-09T23:00:41.781213 #8748]  INFO -- : processing response for id 3566675 and locale 2
I, [2014-04-09T23:00:41.817197 #8748]  INFO -- : page type text = For Rent Apartment
I, [2014-04-09T23:00:41.839647 #8748]  INFO -- : http://makler.ge/?pg=ann&id=10009445&lan=1 - success
I, [2014-04-09T23:00:41.841083 #8748]  INFO -- : processing response for id 10009445 and locale 1
I, [2014-04-09T23:00:41.874808 #8748]  INFO -- : page type text = იყიდება მიწა
I, [2014-04-09T23:00:41.875941 #8748]  INFO -- : http://makler.ge/?pg=ann&id=3566675&lan=1 - success
I, [2014-04-09T23:00:41.876248 #8748]  INFO -- : processing response for id 3566675 and locale 1
I, [2014-04-09T23:00:41.895647 #8748]  INFO -- : page type text = ქირავდება ბინა
I, [2014-04-09T23:00:41.896211 #8748]  INFO -- : http://makler.ge/?pg=ann&id=10015741&lan=2 - success
I, [2014-04-09T23:00:41.896476 #8748]  INFO -- : processing response for id 10015741 and locale 2
I, [2014-04-09T23:00:41.916755 #8748]  INFO -- : page type text = For Sale Apartment
I, [2014-04-09T23:00:42.138204 #8748]  INFO -- : http://makler.ge/?pg=ann&id=10018851&lan=1 - success
I, [2014-04-09T23:00:42.139358 #8748]  INFO -- : processing response for id 10018851 and locale 1
I, [2014-04-09T23:00:42.163996 #8748]  INFO -- : page type text = იყიდება ბინა
I, [2014-04-09T23:00:42.191425 #8748]  INFO -- : http://makler.ge/?pg=ann&id=3216901&lan=1 - success
I, [2014-04-09T23:00:42.192574 #8748]  INFO -- : processing response for id 3216901 and locale 1
I, [2014-04-09T23:00:42.215061 #8748]  INFO -- : page type text = ქირავდება ბინა
I, [2014-04-09T23:00:42.215706 #8748]  INFO -- : http://makler.ge/?pg=ann&id=10019785&lan=2 - success
I, [2014-04-09T23:00:42.216017 #8748]  INFO -- : processing response for id 10019785 and locale 2
I, [2014-04-09T23:00:42.241651 #8748]  INFO -- : page type text = For Sale Land
I, [2014-04-09T23:00:42.258701 #8748]  INFO -- : http://makler.ge/?pg=ann&id=3216901&lan=2 - success
I, [2014-04-09T23:00:42.259027 #8748]  INFO -- : processing response for id 3216901 and locale 2
I, [2014-04-09T23:00:42.280952 #8748]  INFO -- : page type text = For Rent Apartment
I, [2014-04-09T23:00:42.299647 #8748]  INFO -- : http://makler.ge/?pg=ann&id=10019785&lan=1 - success
I, [2014-04-09T23:00:42.300519 #8748]  INFO -- : processing response for id 10019785 and locale 1
I, [2014-04-09T23:00:42.323981 #8748]  INFO -- : page type text = იყიდება მიწა
I, [2014-04-09T23:00:42.339276 #8748]  INFO -- : http://makler.ge/?pg=ann&id=4281131&lan=1 - success
I, [2014-04-09T23:00:42.339597 #8748]  INFO -- : processing response for id 4281131 and locale 1
I, [2014-04-09T23:00:42.367067 #8748]  INFO -- : page type text = იყიდება ბინა
I, [2014-04-09T23:00:42.367812 #8748]  INFO -- : http://makler.ge/?pg=ann&id=10018851&lan=2 - success
I, [2014-04-09T23:00:42.368171 #8748]  INFO -- : processing response for id 10018851 and locale 2
I, [2014-04-09T23:00:42.392925 #8748]  INFO -- : page type text = For Sale Apartment
I, [2014-04-09T23:00:42.393680 #8748]  INFO -- : http://makler.ge/?pg=ann&id=4281131&lan=2 - success
I, [2014-04-09T23:00:42.394059 #8748]  INFO -- : processing response for id 4281131 and locale 2
I, [2014-04-09T23:00:42.413898 #8748]  INFO -- : page type text = For Sale Apartment
I, [2014-04-09T23:00:42.414429 #8748]  INFO -- : http://makler.ge/?pg=ann&id=10015741&lan=1 - success
I, [2014-04-09T23:00:42.414684 #8748]  INFO -- : processing response for id 10015741 and locale 1
I, [2014-04-09T23:00:42.436415 #8748]  INFO -- : page type text = იყიდება ბინა
I, [2014-04-09T23:00:42.436527 #8748]  INFO -- : ------------------------------
I, [2014-04-09T23:00:42.436604 #8748]  INFO -- : It took 3.359135208 seconds to process 30 items
I, [2014-04-09T23:00:42.436648 #8748]  INFO -- : ------------------------------
I, [2014-04-09T23:01:13.035821 #8778]  INFO -- : **********************************************
I, [2014-04-09T23:01:13.035951 #8778]  INFO -- : **********************************************
I, [2014-04-09T23:01:15.452473 #8778]  INFO -- : http://makler.ge/?pg=ann&id=10006231&lan=2 - success
I, [2014-04-09T23:01:15.454153 #8778]  INFO -- : processing response for id 10006231 and locale 2
I, [2014-04-09T23:01:15.479281 #8778]  INFO -- : page type text = For Sale Commercial space
I, [2014-04-09T23:01:15.488968 #8778]  INFO -- : http://makler.ge/?pg=ann&id=10002996&lan=2 - success
I, [2014-04-09T23:01:15.489852 #8778]  INFO -- : processing response for id 10002996 and locale 2
I, [2014-04-09T23:01:15.517700 #8778]  INFO -- : page type text = For Sale Land
I, [2014-04-09T23:01:15.670408 #8778]  INFO -- : http://makler.ge/?pg=ann&id=10020929&lan=1 - success
I, [2014-04-09T23:01:15.671907 #8778]  INFO -- : processing response for id 10020929 and locale 1
I, [2014-04-09T23:01:15.692324 #8778]  INFO -- : page type text = იყიდება მიწა
I, [2014-04-09T23:01:15.861819 #8778]  INFO -- : http://makler.ge/?pg=ann&id=10021018&lan=1 - success
I, [2014-04-09T23:01:15.862709 #8778]  INFO -- : processing response for id 10021018 and locale 1
I, [2014-04-09T23:01:15.893770 #8778]  INFO -- : page type text = ქირავდება საკუთარი სახლი
I, [2014-04-09T23:01:15.944953 #8778]  INFO -- : http://makler.ge/?pg=ann&id=10021019&lan=2 - success
I, [2014-04-09T23:01:15.946062 #8778]  INFO -- : processing response for id 10021019 and locale 2
I, [2014-04-09T23:01:15.981819 #8778]  INFO -- : page type text = For Rent Apartment
I, [2014-04-09T23:01:15.999029 #8778]  INFO -- : http://makler.ge/?pg=ann&id=10021019&lan=1 - success
I, [2014-04-09T23:01:15.999646 #8778]  INFO -- : processing response for id 10021019 and locale 1
I, [2014-04-09T23:01:16.032565 #8778]  INFO -- : page type text = ქირავდება ბინა
I, [2014-04-09T23:01:16.033366 #8778]  INFO -- : http://makler.ge/?pg=ann&id=10009445&lan=2 - success
I, [2014-04-09T23:01:16.033640 #8778]  INFO -- : processing response for id 10009445 and locale 2
I, [2014-04-09T23:01:16.057574 #8778]  INFO -- : page type text = For Sale Land
I, [2014-04-09T23:01:16.061003 #8778]  INFO -- : http://makler.ge/?pg=ann&id=10018601&lan=2 - success
I, [2014-04-09T23:01:16.061413 #8778]  INFO -- : processing response for id 10018601 and locale 2
I, [2014-04-09T23:01:16.094597 #8778]  INFO -- : page type text = For Sale Apartment
I, [2014-04-09T23:01:16.095687 #8778]  INFO -- : http://makler.ge/?pg=ann&id=10002996&lan=1 - success
I, [2014-04-09T23:01:16.096074 #8778]  INFO -- : processing response for id 10002996 and locale 1
I, [2014-04-09T23:01:16.130970 #8778]  INFO -- : page type text = იყიდება მიწა
I, [2014-04-09T23:01:16.131797 #8778]  INFO -- : http://makler.ge/?pg=ann&id=10021018&lan=2 - success
I, [2014-04-09T23:01:16.132291 #8778]  INFO -- : processing response for id 10021018 and locale 2
I, [2014-04-09T23:01:16.169104 #8778]  INFO -- : page type text = For Rent Private house
I, [2014-04-09T23:01:16.171466 #8778]  INFO -- : http://makler.ge/?pg=ann&id=3566675&lan=2 - success
I, [2014-04-09T23:01:16.171836 #8778]  INFO -- : processing response for id 3566675 and locale 2
I, [2014-04-09T23:01:16.196892 #8778]  INFO -- : page type text = For Rent Apartment
I, [2014-04-09T23:01:16.198041 #8778]  INFO -- : http://makler.ge/?pg=ann&id=10006231&lan=1 - success
I, [2014-04-09T23:01:16.199048 #8778]  INFO -- : processing response for id 10006231 and locale 1
I, [2014-04-09T23:01:16.232981 #8778]  INFO -- : page type text = იყიდება კომერციული ფართი
I, [2014-04-09T23:01:16.234330 #8778]  INFO -- : http://makler.ge/?pg=ann&id=10020416&lan=1 - success
I, [2014-04-09T23:01:16.234842 #8778]  INFO -- : processing response for id 10020416 and locale 1
I, [2014-04-09T23:01:16.265870 #8778]  INFO -- : page type text = იყიდება ბინა
I, [2014-04-09T23:01:16.269532 #8778]  INFO -- : http://makler.ge/?pg=ann&id=10009445&lan=1 - success
I, [2014-04-09T23:01:16.271733 #8778]  INFO -- : processing response for id 10009445 and locale 1
I, [2014-04-09T23:01:16.303860 #8778]  INFO -- : page type text = იყიდება მიწა
I, [2014-04-09T23:01:16.306399 #8778]  INFO -- : http://makler.ge/?pg=ann&id=10015741&lan=2 - success
I, [2014-04-09T23:01:16.307239 #8778]  INFO -- : processing response for id 10015741 and locale 2
I, [2014-04-09T23:01:16.338925 #8778]  INFO -- : page type text = For Sale Apartment
I, [2014-04-09T23:01:16.340264 #8778]  INFO -- : http://makler.ge/?pg=ann&id=5551340&lan=2 - success
I, [2014-04-09T23:01:16.340576 #8778]  INFO -- : processing response for id 5551340 and locale 2
I, [2014-04-09T23:01:16.372744 #8778]  INFO -- : page type text = For Sale Apartment
I, [2014-04-09T23:01:16.373295 #8778]  INFO -- : http://makler.ge/?pg=ann&id=10020416&lan=2 - success
I, [2014-04-09T23:01:16.373700 #8778]  INFO -- : processing response for id 10020416 and locale 2
I, [2014-04-09T23:01:16.407079 #8778]  INFO -- : page type text = For Sale Apartment
I, [2014-04-09T23:01:16.422076 #8778]  INFO -- : http://makler.ge/?pg=ann&id=10020929&lan=2 - success
I, [2014-04-09T23:01:16.423340 #8778]  INFO -- : processing response for id 10020929 and locale 2
I, [2014-04-09T23:01:16.454884 #8778]  INFO -- : page type text = For Sale Land
I, [2014-04-09T23:01:16.455984 #8778]  INFO -- : http://makler.ge/?pg=ann&id=10018851&lan=1 - success
I, [2014-04-09T23:01:16.456425 #8778]  INFO -- : processing response for id 10018851 and locale 1
I, [2014-04-09T23:01:16.493916 #8778]  INFO -- : page type text = იყიდება ბინა
I, [2014-04-09T23:01:16.498406 #8778]  INFO -- : http://makler.ge/?pg=ann&id=5551340&lan=1 - success
I, [2014-04-09T23:01:16.498787 #8778]  INFO -- : processing response for id 5551340 and locale 1
I, [2014-04-09T23:01:16.538449 #8778]  INFO -- : page type text = იყიდება ბინა
I, [2014-04-09T23:01:16.539401 #8778]  INFO -- : http://makler.ge/?pg=ann&id=10018601&lan=1 - success
I, [2014-04-09T23:01:16.539742 #8778]  INFO -- : processing response for id 10018601 and locale 1
I, [2014-04-09T23:01:16.574746 #8778]  INFO -- : page type text = იყიდება ბინა
I, [2014-04-09T23:01:16.584223 #8778]  INFO -- : http://makler.ge/?pg=ann&id=3216901&lan=2 - success
I, [2014-04-09T23:01:16.586555 #8778]  INFO -- : processing response for id 3216901 and locale 2
I, [2014-04-09T23:01:16.618487 #8778]  INFO -- : page type text = For Rent Apartment
I, [2014-04-09T23:01:16.621287 #8778]  INFO -- : http://makler.ge/?pg=ann&id=3216901&lan=1 - success
I, [2014-04-09T23:01:16.621678 #8778]  INFO -- : processing response for id 3216901 and locale 1
I, [2014-04-09T23:01:16.655622 #8778]  INFO -- : page type text = ქირავდება ბინა
I, [2014-04-09T23:01:16.656566 #8778]  INFO -- : http://makler.ge/?pg=ann&id=3566675&lan=1 - success
I, [2014-04-09T23:01:16.656898 #8778]  INFO -- : processing response for id 3566675 and locale 1
I, [2014-04-09T23:01:16.692776 #8778]  INFO -- : page type text = ქირავდება ბინა
I, [2014-04-09T23:01:16.693452 #8778]  INFO -- : http://makler.ge/?pg=ann&id=10019785&lan=2 - success
I, [2014-04-09T23:01:16.693894 #8778]  INFO -- : processing response for id 10019785 and locale 2
I, [2014-04-09T23:01:16.730265 #8778]  INFO -- : page type text = For Sale Land
I, [2014-04-09T23:01:16.770727 #8778]  INFO -- : http://makler.ge/?pg=ann&id=10019785&lan=1 - success
I, [2014-04-09T23:01:16.772474 #8778]  INFO -- : processing response for id 10019785 and locale 1
I, [2014-04-09T23:01:16.817208 #8778]  INFO -- : page type text = იყიდება მიწა
I, [2014-04-09T23:01:16.819761 #8778]  INFO -- : http://makler.ge/?pg=ann&id=4281131&lan=2 - success
I, [2014-04-09T23:01:16.821803 #8778]  INFO -- : processing response for id 4281131 and locale 2
I, [2014-04-09T23:01:16.852217 #8778]  INFO -- : page type text = For Sale Apartment
I, [2014-04-09T23:01:17.005441 #8778]  INFO -- : http://makler.ge/?pg=ann&id=4281131&lan=1 - success
I, [2014-04-09T23:01:17.006050 #8778]  INFO -- : processing response for id 4281131 and locale 1
I, [2014-04-09T23:01:17.042765 #8778]  INFO -- : page type text = იყიდება ბინა
I, [2014-04-09T23:01:17.043481 #8778]  INFO -- : http://makler.ge/?pg=ann&id=10015741&lan=1 - success
I, [2014-04-09T23:01:17.044077 #8778]  INFO -- : processing response for id 10015741 and locale 1
I, [2014-04-09T23:01:17.081403 #8778]  INFO -- : page type text = იყიდება ბინა
I, [2014-04-09T23:01:17.228065 #8778]  INFO -- : http://makler.ge/?pg=ann&id=10018851&lan=2 - success
I, [2014-04-09T23:01:17.228537 #8778]  INFO -- : processing response for id 10018851 and locale 2
I, [2014-04-09T23:01:17.263877 #8778]  INFO -- : page type text = For Sale Apartment
I, [2014-04-09T23:01:17.264186 #8778]  INFO -- : ------------------------------
I, [2014-04-09T23:01:17.264526 #8778]  INFO -- : It took 4.228581974 seconds to process 30 items
I, [2014-04-09T23:01:17.264623 #8778]  INFO -- : ------------------------------
I, [2014-04-09T23:01:53.645402 #8837]  INFO -- : **********************************************
I, [2014-04-09T23:01:53.645507 #8837]  INFO -- : **********************************************
I, [2014-04-09T23:01:55.497142 #8837]  INFO -- : http://makler.ge/?pg=ann&id=10002996&lan=2 - success
I, [2014-04-09T23:01:55.498274 #8837]  INFO -- : processing response for id 10002996 and locale 2
I, [2014-04-09T23:01:55.531286 #8837]  INFO -- : page type text = For Sale Land
I, [2014-04-09T23:01:55.532043 #8837]  INFO -- :  - locale key = 
I, [2014-04-09T23:01:55.535679 #8837]  INFO -- : http://makler.ge/?pg=ann&id=10006231&lan=2 - success
I, [2014-04-09T23:01:55.536122 #8837]  INFO -- : processing response for id 10006231 and locale 2
I, [2014-04-09T23:01:55.553130 #8837]  INFO -- : page type text = For Sale Commercial space
I, [2014-04-09T23:01:55.553260 #8837]  INFO -- :  - locale key = 
I, [2014-04-09T23:01:55.553775 #8837]  INFO -- : http://makler.ge/?pg=ann&id=10021019&lan=2 - success
I, [2014-04-09T23:01:55.554058 #8837]  INFO -- : processing response for id 10021019 and locale 2
I, [2014-04-09T23:01:55.582013 #8837]  INFO -- : page type text = For Rent Apartment
I, [2014-04-09T23:01:55.582123 #8837]  INFO -- :  - locale key = 
I, [2014-04-09T23:01:55.583086 #8837]  INFO -- : http://makler.ge/?pg=ann&id=10021019&lan=1 - success
I, [2014-04-09T23:01:55.583355 #8837]  INFO -- : processing response for id 10021019 and locale 1
I, [2014-04-09T23:01:55.605308 #8837]  INFO -- : page type text = ქირავდება ბინა
I, [2014-04-09T23:01:55.605416 #8837]  INFO -- :  - locale key = 
I, [2014-04-09T23:01:55.671646 #8837]  INFO -- : http://makler.ge/?pg=ann&id=10018601&lan=1 - success
I, [2014-04-09T23:01:55.672797 #8837]  INFO -- : processing response for id 10018601 and locale 1
I, [2014-04-09T23:01:55.702211 #8837]  INFO -- : page type text = იყიდება ბინა
I, [2014-04-09T23:01:55.702360 #8837]  INFO -- :  - locale key = 
I, [2014-04-09T23:01:55.881638 #8837]  INFO -- : http://makler.ge/?pg=ann&id=5551340&lan=2 - success
I, [2014-04-09T23:01:55.882050 #8837]  INFO -- : processing response for id 5551340 and locale 2
I, [2014-04-09T23:01:55.926736 #8837]  INFO -- : page type text = For Sale Apartment
I, [2014-04-09T23:01:55.927303 #8837]  INFO -- :  - locale key = 
I, [2014-04-09T23:01:55.967062 #8837]  INFO -- : http://makler.ge/?pg=ann&id=10018601&lan=2 - success
I, [2014-04-09T23:01:55.967388 #8837]  INFO -- : processing response for id 10018601 and locale 2
I, [2014-04-09T23:01:56.007134 #8837]  INFO -- : page type text = For Sale Apartment
I, [2014-04-09T23:01:56.007761 #8837]  INFO -- :  - locale key = 
I, [2014-04-09T23:01:56.008865 #8837]  INFO -- : http://makler.ge/?pg=ann&id=5551340&lan=1 - success
I, [2014-04-09T23:01:56.009272 #8837]  INFO -- : processing response for id 5551340 and locale 1
I, [2014-04-09T23:01:56.041541 #8837]  INFO -- : page type text = იყიდება ბინა
I, [2014-04-09T23:01:56.042001 #8837]  INFO -- :  - locale key = 
I, [2014-04-09T23:01:56.044145 #8837]  INFO -- : http://makler.ge/?pg=ann&id=10020929&lan=1 - success
I, [2014-04-09T23:01:56.044716 #8837]  INFO -- : processing response for id 10020929 and locale 1
I, [2014-04-09T23:01:56.084012 #8837]  INFO -- : page type text = იყიდება მიწა
I, [2014-04-09T23:01:56.084519 #8837]  INFO -- :  - locale key = 
I, [2014-04-09T23:01:56.085650 #8837]  INFO -- : http://makler.ge/?pg=ann&id=10020929&lan=2 - success
I, [2014-04-09T23:01:56.087656 #8837]  INFO -- : processing response for id 10020929 and locale 2
I, [2014-04-09T23:01:56.128679 #8837]  INFO -- : page type text = For Sale Land
I, [2014-04-09T23:01:56.128782 #8837]  INFO -- :  - locale key = 
I, [2014-04-09T23:01:56.132256 #8837]  INFO -- : http://makler.ge/?pg=ann&id=10002996&lan=1 - success
I, [2014-04-09T23:01:56.132595 #8837]  INFO -- : processing response for id 10002996 and locale 1
I, [2014-04-09T23:01:56.175459 #8837]  INFO -- : page type text = იყიდება მიწა
I, [2014-04-09T23:01:56.176198 #8837]  INFO -- :  - locale key = 
I, [2014-04-09T23:01:56.177685 #8837]  INFO -- : http://makler.ge/?pg=ann&id=10006231&lan=1 - success
I, [2014-04-09T23:01:56.178006 #8837]  INFO -- : processing response for id 10006231 and locale 1
I, [2014-04-09T23:01:56.208792 #8837]  INFO -- : page type text = იყიდება კომერციული ფართი
I, [2014-04-09T23:01:56.208935 #8837]  INFO -- :  - locale key = 
I, [2014-04-09T23:01:56.211034 #8837]  INFO -- : http://makler.ge/?pg=ann&id=3566675&lan=2 - success
I, [2014-04-09T23:01:56.212510 #8837]  INFO -- : processing response for id 3566675 and locale 2
I, [2014-04-09T23:01:56.248015 #8837]  INFO -- : page type text = For Rent Apartment
I, [2014-04-09T23:01:56.248123 #8837]  INFO -- :  - locale key = 
I, [2014-04-09T23:01:56.248777 #8837]  INFO -- : http://makler.ge/?pg=ann&id=10009445&lan=2 - success
I, [2014-04-09T23:01:56.249056 #8837]  INFO -- : processing response for id 10009445 and locale 2
I, [2014-04-09T23:01:56.282326 #8837]  INFO -- : page type text = For Sale Land
I, [2014-04-09T23:01:56.282447 #8837]  INFO -- :  - locale key = 
I, [2014-04-09T23:01:56.292520 #8837]  INFO -- : http://makler.ge/?pg=ann&id=10009445&lan=1 - success
I, [2014-04-09T23:01:56.293456 #8837]  INFO -- : processing response for id 10009445 and locale 1
I, [2014-04-09T23:01:56.332341 #8837]  INFO -- : page type text = იყიდება მიწა
I, [2014-04-09T23:01:56.332448 #8837]  INFO -- :  - locale key = 
I, [2014-04-09T23:01:56.333004 #8837]  INFO -- : http://makler.ge/?pg=ann&id=3566675&lan=1 - success
I, [2014-04-09T23:01:56.333283 #8837]  INFO -- : processing response for id 3566675 and locale 1
I, [2014-04-09T23:01:56.366662 #8837]  INFO -- : page type text = ქირავდება ბინა
I, [2014-04-09T23:01:56.366767 #8837]  INFO -- :  - locale key = 
I, [2014-04-09T23:01:56.367470 #8837]  INFO -- : http://makler.ge/?pg=ann&id=10021018&lan=2 - success
I, [2014-04-09T23:01:56.367807 #8837]  INFO -- : processing response for id 10021018 and locale 2
I, [2014-04-09T23:01:56.401031 #8837]  INFO -- : page type text = For Rent Private house
I, [2014-04-09T23:01:56.401165 #8837]  INFO -- :  - locale key = 
I, [2014-04-09T23:01:56.402081 #8837]  INFO -- : http://makler.ge/?pg=ann&id=10020416&lan=1 - success
I, [2014-04-09T23:01:56.403342 #8837]  INFO -- : processing response for id 10020416 and locale 1
I, [2014-04-09T23:01:56.442009 #8837]  INFO -- : page type text = იყიდება ბინა
I, [2014-04-09T23:01:56.442142 #8837]  INFO -- :  - locale key = 
I, [2014-04-09T23:01:56.449553 #8837]  INFO -- : http://makler.ge/?pg=ann&id=10020416&lan=2 - success
I, [2014-04-09T23:01:56.449895 #8837]  INFO -- : processing response for id 10020416 and locale 2
I, [2014-04-09T23:01:56.483536 #8837]  INFO -- : page type text = For Sale Apartment
I, [2014-04-09T23:01:56.483863 #8837]  INFO -- :  - locale key = 
I, [2014-04-09T23:01:56.551134 #8837]  INFO -- : http://makler.ge/?pg=ann&id=10015741&lan=1 - success
I, [2014-04-09T23:01:56.552795 #8837]  INFO -- : processing response for id 10015741 and locale 1
I, [2014-04-09T23:01:56.591456 #8837]  INFO -- : page type text = იყიდება ბინა
I, [2014-04-09T23:01:56.591574 #8837]  INFO -- :  - locale key = 
I, [2014-04-09T23:01:56.592225 #8837]  INFO -- : http://makler.ge/?pg=ann&id=3216901&lan=1 - success
I, [2014-04-09T23:01:56.592520 #8837]  INFO -- : processing response for id 3216901 and locale 1
I, [2014-04-09T23:01:56.611926 #8837]  INFO -- : page type text = ქირავდება ბინა
I, [2014-04-09T23:01:56.612044 #8837]  INFO -- :  - locale key = 
I, [2014-04-09T23:01:56.612704 #8837]  INFO -- : http://makler.ge/?pg=ann&id=10021018&lan=1 - success
I, [2014-04-09T23:01:56.613112 #8837]  INFO -- : processing response for id 10021018 and locale 1
I, [2014-04-09T23:01:56.637391 #8837]  INFO -- : page type text = ქირავდება საკუთარი სახლი
I, [2014-04-09T23:01:56.637603 #8837]  INFO -- :  - locale key = 
I, [2014-04-09T23:01:56.997998 #8837]  INFO -- : http://makler.ge/?pg=ann&id=10019785&lan=2 - success
I, [2014-04-09T23:01:56.999197 #8837]  INFO -- : processing response for id 10019785 and locale 2
I, [2014-04-09T23:01:57.031850 #8837]  INFO -- : page type text = For Sale Land
I, [2014-04-09T23:01:57.032022 #8837]  INFO -- :  - locale key = 
I, [2014-04-09T23:01:57.032903 #8837]  INFO -- : http://makler.ge/?pg=ann&id=3216901&lan=2 - success
I, [2014-04-09T23:01:57.033208 #8837]  INFO -- : processing response for id 3216901 and locale 2
I, [2014-04-09T23:01:57.067974 #8837]  INFO -- : page type text = For Rent Apartment
I, [2014-04-09T23:01:57.068694 #8837]  INFO -- :  - locale key = 
I, [2014-04-09T23:01:57.070938 #8837]  INFO -- : http://makler.ge/?pg=ann&id=10019785&lan=1 - success
I, [2014-04-09T23:01:57.071686 #8837]  INFO -- : processing response for id 10019785 and locale 1
I, [2014-04-09T23:01:57.104317 #8837]  INFO -- : page type text = იყიდება მიწა
I, [2014-04-09T23:01:57.104445 #8837]  INFO -- :  - locale key = 
I, [2014-04-09T23:01:57.106110 #8837]  INFO -- : http://makler.ge/?pg=ann&id=4281131&lan=1 - success
I, [2014-04-09T23:01:57.107844 #8837]  INFO -- : processing response for id 4281131 and locale 1
I, [2014-04-09T23:01:57.145177 #8837]  INFO -- : page type text = იყიდება ბინა
I, [2014-04-09T23:01:57.145301 #8837]  INFO -- :  - locale key = 
I, [2014-04-09T23:01:57.145879 #8837]  INFO -- : http://makler.ge/?pg=ann&id=4281131&lan=2 - success
I, [2014-04-09T23:01:57.146192 #8837]  INFO -- : processing response for id 4281131 and locale 2
I, [2014-04-09T23:01:57.183005 #8837]  INFO -- : page type text = For Sale Apartment
I, [2014-04-09T23:01:57.183109 #8837]  INFO -- :  - locale key = 
I, [2014-04-09T23:01:57.349531 #8837]  INFO -- : http://makler.ge/?pg=ann&id=10015741&lan=2 - success
I, [2014-04-09T23:01:57.350571 #8837]  INFO -- : processing response for id 10015741 and locale 2
I, [2014-04-09T23:01:57.384066 #8837]  INFO -- : page type text = For Sale Apartment
I, [2014-04-09T23:01:57.384507 #8837]  INFO -- :  - locale key = 
I, [2014-04-09T23:01:57.385173 #8837]  INFO -- : http://makler.ge/?pg=ann&id=10018851&lan=2 - success
I, [2014-04-09T23:01:57.385505 #8837]  INFO -- : processing response for id 10018851 and locale 2
I, [2014-04-09T23:01:57.419157 #8837]  INFO -- : page type text = For Sale Apartment
I, [2014-04-09T23:01:57.419268 #8837]  INFO -- :  - locale key = 
I, [2014-04-09T23:01:57.419840 #8837]  INFO -- : http://makler.ge/?pg=ann&id=10018851&lan=1 - success
I, [2014-04-09T23:01:57.420267 #8837]  INFO -- : processing response for id 10018851 and locale 1
I, [2014-04-09T23:01:57.457501 #8837]  INFO -- : page type text = იყიდება ბინა
I, [2014-04-09T23:01:57.458057 #8837]  INFO -- :  - locale key = 
I, [2014-04-09T23:01:57.458239 #8837]  INFO -- : ------------------------------
I, [2014-04-09T23:01:57.458502 #8837]  INFO -- : It took 3.813006846 seconds to process 30 items
I, [2014-04-09T23:01:57.458611 #8837]  INFO -- : ------------------------------
I, [2014-04-09T23:02:58.950537 #8871]  INFO -- : **********************************************
I, [2014-04-09T23:02:58.951061 #8871]  INFO -- : **********************************************
I, [2014-04-09T23:03:00.894356 #8871]  INFO -- : http://makler.ge/?pg=ann&id=10021018&lan=2 - success
I, [2014-04-09T23:03:00.895567 #8871]  INFO -- : processing response for id 10021018 and locale 2
I, [2014-04-09T23:03:00.926821 #8871]  INFO -- : page type text = For Rent Private house
I, [2014-04-09T23:03:00.927380 #8871]  INFO -- :  - locale key = en
I, [2014-04-09T23:03:30.437111 #8901]  INFO -- : **********************************************
I, [2014-04-09T23:03:30.437235 #8901]  INFO -- : **********************************************
I, [2014-04-09T23:03:32.125870 #8901]  INFO -- : http://makler.ge/?pg=ann&id=10002996&lan=2 - success
I, [2014-04-09T23:03:32.126274 #8901]  INFO -- : processing response for id 10002996 and locale 2
I, [2014-04-09T23:03:32.163607 #8901]  INFO -- : page type text = For Sale Land
I, [2014-04-09T23:03:32.163788 #8901]  INFO -- :  - locale key = en
I, [2014-04-09T23:03:32.163863 #8901]  INFO -- : - page type = sale
I, [2014-04-09T23:03:32.165392 #8901]  INFO -- : http://makler.ge/?pg=ann&id=10006231&lan=2 - success
I, [2014-04-09T23:03:32.166377 #8901]  INFO -- : processing response for id 10006231 and locale 2
I, [2014-04-09T23:03:32.203045 #8901]  INFO -- : page type text = For Sale Commercial space
I, [2014-04-09T23:03:32.203193 #8901]  INFO -- :  - locale key = en
I, [2014-04-09T23:03:32.203266 #8901]  INFO -- : - page type = sale
I, [2014-04-09T23:03:32.203910 #8901]  INFO -- : http://makler.ge/?pg=ann&id=10018601&lan=1 - success
I, [2014-04-09T23:03:32.204294 #8901]  INFO -- : processing response for id 10018601 and locale 1
I, [2014-04-09T23:03:32.251452 #8901]  INFO -- : page type text = იყიდება ბინა
I, [2014-04-09T23:03:32.251561 #8901]  INFO -- :  - locale key = ka
I, [2014-04-09T23:03:32.251619 #8901]  INFO -- : - page type = sale
I, [2014-04-09T23:03:32.252641 #8901]  INFO -- : http://makler.ge/?pg=ann&id=10002996&lan=1 - success
I, [2014-04-09T23:03:32.252995 #8901]  INFO -- : processing response for id 10002996 and locale 1
I, [2014-04-09T23:03:32.287294 #8901]  INFO -- : page type text = იყიდება მიწა
I, [2014-04-09T23:03:32.287435 #8901]  INFO -- :  - locale key = ka
I, [2014-04-09T23:03:32.287497 #8901]  INFO -- : - page type = sale
I, [2014-04-09T23:03:32.288093 #8901]  INFO -- : http://makler.ge/?pg=ann&id=10021019&lan=1 - success
I, [2014-04-09T23:03:32.288401 #8901]  INFO -- : processing response for id 10021019 and locale 1
I, [2014-04-09T23:03:32.316995 #8901]  INFO -- : page type text = ქირავდება ბინა
I, [2014-04-09T23:03:32.317533 #8901]  INFO -- :  - locale key = ka
I, [2014-04-09T23:03:32.317774 #8901]  INFO -- : - page type = rent
I, [2014-04-09T23:03:32.319526 #8901]  INFO -- : http://makler.ge/?pg=ann&id=10021018&lan=2 - success
I, [2014-04-09T23:03:32.320369 #8901]  INFO -- : processing response for id 10021018 and locale 2
I, [2014-04-09T23:03:32.351010 #8901]  INFO -- : page type text = For Rent Private house
I, [2014-04-09T23:03:32.351501 #8901]  INFO -- :  - locale key = en
I, [2014-04-09T23:03:32.351627 #8901]  INFO -- : - page type = rent
I, [2014-04-09T23:03:32.485193 #8901]  INFO -- : http://makler.ge/?pg=ann&id=10018601&lan=2 - success
I, [2014-04-09T23:03:32.485559 #8901]  INFO -- : processing response for id 10018601 and locale 2
I, [2014-04-09T23:03:32.519415 #8901]  INFO -- : page type text = For Sale Apartment
I, [2014-04-09T23:03:32.519527 #8901]  INFO -- :  - locale key = en
I, [2014-04-09T23:03:32.519586 #8901]  INFO -- : - page type = sale
I, [2014-04-09T23:03:32.591210 #8901]  INFO -- : http://makler.ge/?pg=ann&id=10006231&lan=1 - success
I, [2014-04-09T23:03:32.591705 #8901]  INFO -- : processing response for id 10006231 and locale 1
I, [2014-04-09T23:03:32.619109 #8901]  INFO -- : page type text = იყიდება კომერციული ფართი
I, [2014-04-09T23:03:32.619460 #8901]  INFO -- :  - locale key = ka
I, [2014-04-09T23:03:32.619624 #8901]  INFO -- : - page type = sale
I, [2014-04-09T23:03:32.690802 #8901]  INFO -- : http://makler.ge/?pg=ann&id=10021019&lan=2 - success
I, [2014-04-09T23:03:32.691902 #8901]  INFO -- : processing response for id 10021019 and locale 2
I, [2014-04-09T23:03:32.729634 #8901]  INFO -- : page type text = For Rent Apartment
I, [2014-04-09T23:03:32.729741 #8901]  INFO -- :  - locale key = en
I, [2014-04-09T23:03:32.729784 #8901]  INFO -- : - page type = rent
I, [2014-04-09T23:03:32.730441 #8901]  INFO -- : http://makler.ge/?pg=ann&id=10020929&lan=1 - success
I, [2014-04-09T23:03:32.730706 #8901]  INFO -- : processing response for id 10020929 and locale 1
I, [2014-04-09T23:03:32.747099 #8901]  INFO -- : page type text = იყიდება მიწა
I, [2014-04-09T23:03:32.747211 #8901]  INFO -- :  - locale key = ka
I, [2014-04-09T23:03:32.747252 #8901]  INFO -- : - page type = sale
I, [2014-04-09T23:03:32.849326 #8901]  INFO -- : http://makler.ge/?pg=ann&id=5551340&lan=1 - success
I, [2014-04-09T23:03:32.850458 #8901]  INFO -- : processing response for id 5551340 and locale 1
I, [2014-04-09T23:03:32.877301 #8901]  INFO -- : page type text = იყიდება ბინა
I, [2014-04-09T23:03:32.877425 #8901]  INFO -- :  - locale key = ka
I, [2014-04-09T23:03:32.877480 #8901]  INFO -- : - page type = sale
I, [2014-04-09T23:03:32.878668 #8901]  INFO -- : http://makler.ge/?pg=ann&id=10020929&lan=2 - success
I, [2014-04-09T23:03:32.879121 #8901]  INFO -- : processing response for id 10020929 and locale 2
I, [2014-04-09T23:03:32.897447 #8901]  INFO -- : page type text = For Sale Land
I, [2014-04-09T23:03:32.897560 #8901]  INFO -- :  - locale key = en
I, [2014-04-09T23:03:32.897617 #8901]  INFO -- : - page type = sale
I, [2014-04-09T23:03:32.971111 #8901]  INFO -- : http://makler.ge/?pg=ann&id=10021018&lan=1 - success
I, [2014-04-09T23:03:32.972222 #8901]  INFO -- : processing response for id 10021018 and locale 1
I, [2014-04-09T23:03:33.008142 #8901]  INFO -- : page type text = ქირავდება საკუთარი სახლი
I, [2014-04-09T23:03:33.008693 #8901]  INFO -- :  - locale key = ka
I, [2014-04-09T23:03:33.008850 #8901]  INFO -- : - page type = rent
I, [2014-04-09T23:03:33.065674 #8901]  INFO -- : http://makler.ge/?pg=ann&id=10009445&lan=2 - success
I, [2014-04-09T23:03:33.066803 #8901]  INFO -- : processing response for id 10009445 and locale 2
I, [2014-04-09T23:03:33.090917 #8901]  INFO -- : page type text = For Sale Land
I, [2014-04-09T23:03:33.091467 #8901]  INFO -- :  - locale key = en
I, [2014-04-09T23:03:33.091557 #8901]  INFO -- : - page type = sale
I, [2014-04-09T23:03:33.147713 #8901]  INFO -- : http://makler.ge/?pg=ann&id=10020416&lan=1 - success
I, [2014-04-09T23:03:33.148767 #8901]  INFO -- : processing response for id 10020416 and locale 1
I, [2014-04-09T23:03:33.180724 #8901]  INFO -- : page type text = იყიდება ბინა
I, [2014-04-09T23:03:33.181271 #8901]  INFO -- :  - locale key = ka
I, [2014-04-09T23:03:33.181371 #8901]  INFO -- : - page type = sale
I, [2014-04-09T23:03:33.182002 #8901]  INFO -- : http://makler.ge/?pg=ann&id=3566675&lan=2 - success
I, [2014-04-09T23:03:33.182288 #8901]  INFO -- : processing response for id 3566675 and locale 2
I, [2014-04-09T23:03:33.206327 #8901]  INFO -- : page type text = For Rent Apartment
I, [2014-04-09T23:03:33.206426 #8901]  INFO -- :  - locale key = en
I, [2014-04-09T23:03:33.206466 #8901]  INFO -- : - page type = rent
I, [2014-04-09T23:03:33.206798 #8901]  INFO -- : http://makler.ge/?pg=ann&id=10020416&lan=2 - success
I, [2014-04-09T23:03:33.207033 #8901]  INFO -- : processing response for id 10020416 and locale 2
I, [2014-04-09T23:03:33.235795 #8901]  INFO -- : page type text = For Sale Apartment
I, [2014-04-09T23:03:33.235897 #8901]  INFO -- :  - locale key = en
I, [2014-04-09T23:03:33.235937 #8901]  INFO -- : - page type = sale
I, [2014-04-09T23:03:33.236913 #8901]  INFO -- : http://makler.ge/?pg=ann&id=3566675&lan=1 - success
I, [2014-04-09T23:03:33.237310 #8901]  INFO -- : processing response for id 3566675 and locale 1
I, [2014-04-09T23:03:33.258106 #8901]  INFO -- : page type text = ქირავდება ბინა
I, [2014-04-09T23:03:33.258209 #8901]  INFO -- :  - locale key = ka
I, [2014-04-09T23:03:33.258255 #8901]  INFO -- : - page type = rent
I, [2014-04-09T23:03:33.258619 #8901]  INFO -- : http://makler.ge/?pg=ann&id=10009445&lan=1 - success
I, [2014-04-09T23:03:33.258908 #8901]  INFO -- : processing response for id 10009445 and locale 1
I, [2014-04-09T23:03:33.282606 #8901]  INFO -- : page type text = იყიდება მიწა
I, [2014-04-09T23:03:33.282763 #8901]  INFO -- :  - locale key = ka
I, [2014-04-09T23:03:33.282830 #8901]  INFO -- : - page type = sale
I, [2014-04-09T23:03:33.283336 #8901]  INFO -- : http://makler.ge/?pg=ann&id=10015741&lan=1 - success
I, [2014-04-09T23:03:33.283653 #8901]  INFO -- : processing response for id 10015741 and locale 1
I, [2014-04-09T23:03:33.304640 #8901]  INFO -- : page type text = იყიდება ბინა
I, [2014-04-09T23:03:33.304754 #8901]  INFO -- :  - locale key = ka
I, [2014-04-09T23:03:33.304796 #8901]  INFO -- : - page type = sale
I, [2014-04-09T23:03:33.305415 #8901]  INFO -- : http://makler.ge/?pg=ann&id=10015741&lan=2 - success
I, [2014-04-09T23:03:33.305778 #8901]  INFO -- : processing response for id 10015741 and locale 2
I, [2014-04-09T23:03:33.327421 #8901]  INFO -- : page type text = For Sale Apartment
I, [2014-04-09T23:03:33.327530 #8901]  INFO -- :  - locale key = en
I, [2014-04-09T23:03:33.327575 #8901]  INFO -- : - page type = sale
I, [2014-04-09T23:03:33.334249 #8901]  INFO -- : http://makler.ge/?pg=ann&id=5551340&lan=2 - success
I, [2014-04-09T23:03:33.334666 #8901]  INFO -- : processing response for id 5551340 and locale 2
I, [2014-04-09T23:03:33.358974 #8901]  INFO -- : page type text = For Sale Apartment
I, [2014-04-09T23:03:33.359085 #8901]  INFO -- :  - locale key = en
I, [2014-04-09T23:03:33.359130 #8901]  INFO -- : - page type = sale
I, [2014-04-09T23:03:33.431663 #8901]  INFO -- : http://makler.ge/?pg=ann&id=3216901&lan=2 - success
I, [2014-04-09T23:03:33.433432 #8901]  INFO -- : processing response for id 3216901 and locale 2
I, [2014-04-09T23:03:33.464111 #8901]  INFO -- : page type text = For Rent Apartment
I, [2014-04-09T23:03:33.464227 #8901]  INFO -- :  - locale key = en
I, [2014-04-09T23:03:33.464279 #8901]  INFO -- : - page type = rent
I, [2014-04-09T23:03:33.465017 #8901]  INFO -- : http://makler.ge/?pg=ann&id=10018851&lan=2 - success
I, [2014-04-09T23:03:33.465278 #8901]  INFO -- : processing response for id 10018851 and locale 2
I, [2014-04-09T23:03:33.489728 #8901]  INFO -- : page type text = For Sale Apartment
I, [2014-04-09T23:03:33.490414 #8901]  INFO -- :  - locale key = en
I, [2014-04-09T23:03:33.490567 #8901]  INFO -- : - page type = sale
I, [2014-04-09T23:03:33.513443 #8901]  INFO -- : http://makler.ge/?pg=ann&id=10018851&lan=1 - success
I, [2014-04-09T23:03:33.513805 #8901]  INFO -- : processing response for id 10018851 and locale 1
I, [2014-04-09T23:03:33.544270 #8901]  INFO -- : page type text = იყიდება ბინა
I, [2014-04-09T23:03:33.544375 #8901]  INFO -- :  - locale key = ka
I, [2014-04-09T23:03:33.544438 #8901]  INFO -- : - page type = sale
I, [2014-04-09T23:03:33.545040 #8901]  INFO -- : http://makler.ge/?pg=ann&id=3216901&lan=1 - success
I, [2014-04-09T23:03:33.545290 #8901]  INFO -- : processing response for id 3216901 and locale 1
I, [2014-04-09T23:03:33.567380 #8901]  INFO -- : page type text = ქირავდება ბინა
I, [2014-04-09T23:03:33.567493 #8901]  INFO -- :  - locale key = ka
I, [2014-04-09T23:03:33.567567 #8901]  INFO -- : - page type = rent
I, [2014-04-09T23:03:33.617328 #8901]  INFO -- : http://makler.ge/?pg=ann&id=10019785&lan=2 - success
I, [2014-04-09T23:03:33.618486 #8901]  INFO -- : processing response for id 10019785 and locale 2
I, [2014-04-09T23:03:33.644566 #8901]  INFO -- : page type text = For Sale Land
I, [2014-04-09T23:03:33.644681 #8901]  INFO -- :  - locale key = en
I, [2014-04-09T23:03:33.644734 #8901]  INFO -- : - page type = sale
I, [2014-04-09T23:03:33.645949 #8901]  INFO -- : http://makler.ge/?pg=ann&id=10019785&lan=1 - success
I, [2014-04-09T23:03:33.646361 #8901]  INFO -- : processing response for id 10019785 and locale 1
I, [2014-04-09T23:03:33.666531 #8901]  INFO -- : page type text = იყიდება მიწა
I, [2014-04-09T23:03:33.666682 #8901]  INFO -- :  - locale key = ka
I, [2014-04-09T23:03:33.666780 #8901]  INFO -- : - page type = sale
I, [2014-04-09T23:03:33.684340 #8901]  INFO -- : http://makler.ge/?pg=ann&id=4281131&lan=1 - success
I, [2014-04-09T23:03:33.685274 #8901]  INFO -- : processing response for id 4281131 and locale 1
I, [2014-04-09T23:03:33.717624 #8901]  INFO -- : page type text = იყიდება ბინა
I, [2014-04-09T23:03:33.717738 #8901]  INFO -- :  - locale key = ka
I, [2014-04-09T23:03:33.717785 #8901]  INFO -- : - page type = sale
I, [2014-04-09T23:03:33.839952 #8901]  INFO -- : http://makler.ge/?pg=ann&id=4281131&lan=2 - success
I, [2014-04-09T23:03:33.841689 #8901]  INFO -- : processing response for id 4281131 and locale 2
I, [2014-04-09T23:03:33.871490 #8901]  INFO -- : page type text = For Sale Apartment
I, [2014-04-09T23:03:33.872164 #8901]  INFO -- :  - locale key = en
I, [2014-04-09T23:03:33.872413 #8901]  INFO -- : - page type = sale
I, [2014-04-09T23:03:33.872606 #8901]  INFO -- : ------------------------------
I, [2014-04-09T23:03:33.872969 #8901]  INFO -- : It took 3.435717877 seconds to process 30 items
I, [2014-04-09T23:03:33.873058 #8901]  INFO -- : ------------------------------
I, [2014-04-11T16:57:13.965898 #9180]  INFO -- : **********************************************
I, [2014-04-11T16:57:13.992511 #9180]  INFO -- : **********************************************
I, [2014-04-11T16:57:19.504683 #9180]  INFO -- : http://makler.ge/?pg=ann&id=10021157&lan=1 - success
I, [2014-04-11T16:57:19.507228 #9180]  INFO -- : processing response for id 10021157 and locale 1
I, [2014-04-11T16:57:58.538460 #9236]  INFO -- : **********************************************
I, [2014-04-11T16:57:58.538566 #9236]  INFO -- : **********************************************
I, [2014-04-11T16:58:00.199856 #9236]  INFO -- : http://makler.ge/?pg=ann&id=10021253&lan=2 - success
I, [2014-04-11T16:58:00.200867 #9236]  INFO -- : processing response for id 10021253 and locale 2
I, [2014-04-11T16:58:00.230044 #9236]  INFO -- : http://makler.ge/?pg=ann&id=10021253&lan=1 - success
I, [2014-04-11T16:58:00.230382 #9236]  INFO -- : processing response for id 10021253 and locale 1
I, [2014-04-11T16:58:00.271571 #9236]  INFO -- : http://makler.ge/?pg=ann&id=10021244&lan=1 - success
I, [2014-04-11T16:58:00.271879 #9236]  INFO -- : processing response for id 10021244 and locale 1
I, [2014-04-11T16:58:00.303919 #9236]  INFO -- : http://makler.ge/?pg=ann&id=10021157&lan=2 - success
I, [2014-04-11T16:58:00.304229 #9236]  INFO -- : processing response for id 10021157 and locale 2
I, [2014-04-11T16:58:00.327432 #9236]  INFO -- : http://makler.ge/?pg=ann&id=10020857&lan=2 - success
I, [2014-04-11T16:58:00.327730 #9236]  INFO -- : processing response for id 10020857 and locale 2
I, [2014-04-11T16:58:00.348356 #9236]  INFO -- : http://makler.ge/?pg=ann&id=10021157&lan=1 - success
I, [2014-04-11T16:58:00.348652 #9236]  INFO -- : processing response for id 10021157 and locale 1
I, [2014-04-11T16:58:02.522730 #9236]  INFO -- : http://makler.ge/?pg=ann&id=10021160&lan=1 - success
I, [2014-04-11T16:58:02.523796 #9236]  INFO -- : processing response for id 10021160 and locale 1
I, [2014-04-11T16:58:02.780263 #9236]  INFO -- : http://makler.ge/?pg=ann&id=10021145&lan=1 - success
I, [2014-04-11T16:58:02.781237 #9236]  INFO -- : processing response for id 10021145 and locale 1
I, [2014-04-11T16:58:03.027162 #9236]  INFO -- : http://makler.ge/?pg=ann&id=10021145&lan=2 - success
I, [2014-04-11T16:58:03.028088 #9236]  INFO -- : processing response for id 10021145 and locale 2
I, [2014-04-11T16:58:03.324732 #9236]  INFO -- : http://makler.ge/?pg=ann&id=10021259&lan=1 - success
I, [2014-04-11T16:58:03.325679 #9236]  INFO -- : processing response for id 10021259 and locale 1
I, [2014-04-11T16:58:03.356033 #9236]  INFO -- : http://makler.ge/?pg=ann&id=2285162&lan=1 - success
I, [2014-04-11T16:58:03.356369 #9236]  INFO -- : processing response for id 2285162 and locale 1
I, [2014-04-11T16:58:03.404187 #9236]  INFO -- : http://makler.ge/?pg=ann&id=10021225&lan=2 - success
I, [2014-04-11T16:58:03.404521 #9236]  INFO -- : processing response for id 10021225 and locale 2
I, [2014-04-11T16:58:03.443785 #9236]  INFO -- : http://makler.ge/?pg=ann&id=10021225&lan=1 - success
I, [2014-04-11T16:58:03.444457 #9236]  INFO -- : processing response for id 10021225 and locale 1
I, [2014-04-11T16:58:03.521390 #9236]  INFO -- : http://makler.ge/?pg=ann&id=2285162&lan=2 - success
I, [2014-04-11T16:58:03.522307 #9236]  INFO -- : processing response for id 2285162 and locale 2
I, [2014-04-11T16:58:03.623635 #9236]  INFO -- : http://makler.ge/?pg=ann&id=10021259&lan=2 - success
I, [2014-04-11T16:58:03.624538 #9236]  INFO -- : processing response for id 10021259 and locale 2
I, [2014-04-11T16:58:03.652952 #9236]  INFO -- : http://makler.ge/?pg=ann&id=10021160&lan=2 - success
I, [2014-04-11T16:58:03.653281 #9236]  INFO -- : processing response for id 10021160 and locale 2
I, [2014-04-11T16:58:04.179961 #9236]  INFO -- : http://makler.ge/?pg=ann&id=10020385&lan=2 - success
I, [2014-04-11T16:58:04.180881 #9236]  INFO -- : processing response for id 10020385 and locale 2
I, [2014-04-11T16:58:04.660179 #9236]  INFO -- : http://makler.ge/?pg=ann&id=10021250&lan=2 - success
I, [2014-04-11T16:58:04.661115 #9236]  INFO -- : processing response for id 10021250 and locale 2
I, [2014-04-11T16:58:04.691314 #9236]  INFO -- : http://makler.ge/?pg=ann&id=10021258&lan=1 - success
I, [2014-04-11T16:58:04.691651 #9236]  INFO -- : processing response for id 10021258 and locale 1
I, [2014-04-11T16:58:04.715606 #9236]  INFO -- : http://makler.ge/?pg=ann&id=10021244&lan=2 - success
I, [2014-04-11T16:58:04.715954 #9236]  INFO -- : processing response for id 10021244 and locale 2
I, [2014-04-11T16:58:04.741398 #9236]  INFO -- : http://makler.ge/?pg=ann&id=10021252&lan=1 - success
I, [2014-04-11T16:58:04.741696 #9236]  INFO -- : processing response for id 10021252 and locale 1
I, [2014-04-11T16:58:04.899837 #9236]  INFO -- : http://makler.ge/?pg=ann&id=10021258&lan=2 - success
I, [2014-04-11T16:58:04.900762 #9236]  INFO -- : processing response for id 10021258 and locale 2
I, [2014-04-11T16:58:04.922466 #9236]  INFO -- : http://makler.ge/?pg=ann&id=10020385&lan=1 - success
I, [2014-04-11T16:58:04.922817 #9236]  INFO -- : processing response for id 10020385 and locale 1
I, [2014-04-11T16:58:04.949573 #9236]  INFO -- : http://makler.ge/?pg=ann&id=10021252&lan=2 - success
I, [2014-04-11T16:58:04.950050 #9236]  INFO -- : processing response for id 10021252 and locale 2
I, [2014-04-11T16:58:04.978226 #9236]  INFO -- : http://makler.ge/?pg=ann&id=10021255&lan=2 - success
I, [2014-04-11T16:58:04.978527 #9236]  INFO -- : processing response for id 10021255 and locale 2
I, [2014-04-11T16:58:05.007453 #9236]  INFO -- : http://makler.ge/?pg=ann&id=10021250&lan=1 - success
I, [2014-04-11T16:58:05.007745 #9236]  INFO -- : processing response for id 10021250 and locale 1
I, [2014-04-11T16:58:05.070367 #9236]  INFO -- : http://makler.ge/?pg=ann&id=10020857&lan=1 - success
I, [2014-04-11T16:58:05.071455 #9236]  INFO -- : processing response for id 10020857 and locale 1
I, [2014-04-11T16:58:05.176949 #9236]  INFO -- : http://makler.ge/?pg=ann&id=10021251&lan=2 - success
I, [2014-04-11T16:58:05.178111 #9236]  INFO -- : processing response for id 10021251 and locale 2
I, [2014-04-11T16:58:05.699705 #9236]  INFO -- : http://makler.ge/?pg=ann&id=10021255&lan=1 - success
I, [2014-04-11T16:58:05.700691 #9236]  INFO -- : processing response for id 10021255 and locale 1
I, [2014-04-11T16:58:05.795847 #9236]  INFO -- : http://makler.ge/?pg=ann&id=10021251&lan=1 - success
I, [2014-04-11T16:58:05.796798 #9236]  INFO -- : processing response for id 10021251 and locale 1
I, [2014-04-11T16:58:05.821054 #9236]  INFO -- : ------------------------------
I, [2014-04-11T16:58:05.821200 #9236]  INFO -- : It took 7.28276783 seconds to process 30 items
I, [2014-04-11T16:58:05.821257 #9236]  INFO -- : ------------------------------
I, [2014-04-11T16:58:41.471805 #9268]  INFO -- : **********************************************
I, [2014-04-11T16:58:41.471915 #9268]  INFO -- : **********************************************
I, [2014-04-11T16:58:43.451405 #9268]  INFO -- : http://makler.ge/?pg=ann&id=10021252&lan=2 - success
I, [2014-04-11T16:58:43.451901 #9268]  INFO -- : processing response for id 10021252 and locale 2
I, [2014-04-11T16:58:43.769341 #9268]  INFO -- : http://makler.ge/?pg=ann&id=10020385&lan=2 - success
I, [2014-04-11T16:58:43.769710 #9268]  INFO -- : processing response for id 10020385 and locale 2
I, [2014-04-11T16:58:43.893672 #9268]  INFO -- : http://makler.ge/?pg=ann&id=10020385&lan=1 - success
I, [2014-04-11T16:58:43.894713 #9268]  INFO -- : processing response for id 10020385 and locale 1
I, [2014-04-11T16:58:44.007678 #9268]  INFO -- : http://makler.ge/?pg=ann&id=10021157&lan=2 - success
I, [2014-04-11T16:58:44.008023 #9268]  INFO -- : processing response for id 10021157 and locale 2
I, [2014-04-11T16:58:44.109156 #9268]  INFO -- : http://makler.ge/?pg=ann&id=10021250&lan=1 - success
I, [2014-04-11T16:58:44.110362 #9268]  INFO -- : processing response for id 10021250 and locale 1
I, [2014-04-11T16:58:44.136093 #9268]  INFO -- : http://makler.ge/?pg=ann&id=10021157&lan=1 - success
I, [2014-04-11T16:58:44.136415 #9268]  INFO -- : processing response for id 10021157 and locale 1
I, [2014-04-11T16:58:44.155436 #9268]  INFO -- : http://makler.ge/?pg=ann&id=10021244&lan=1 - success
I, [2014-04-11T16:58:44.156858 #9268]  INFO -- : processing response for id 10021244 and locale 1
I, [2014-04-11T16:58:44.496100 #9268]  INFO -- : http://makler.ge/?pg=ann&id=10021225&lan=2 - success
I, [2014-04-11T16:58:44.497972 #9268]  INFO -- : processing response for id 10021225 and locale 2
I, [2014-04-11T16:58:44.558853 #9268]  INFO -- : http://makler.ge/?pg=ann&id=10020857&lan=2 - success
I, [2014-04-11T16:58:44.561466 #9268]  INFO -- : processing response for id 10020857 and locale 2
I, [2014-04-11T16:58:44.609760 #9268]  INFO -- : http://makler.ge/?pg=ann&id=10021250&lan=2 - success
I, [2014-04-11T16:58:44.610287 #9268]  INFO -- : processing response for id 10021250 and locale 2
I, [2014-04-11T16:58:44.790452 #9268]  INFO -- : http://makler.ge/?pg=ann&id=10021258&lan=2 - success
I, [2014-04-11T16:58:44.791471 #9268]  INFO -- : processing response for id 10021258 and locale 2
I, [2014-04-11T16:58:45.182454 #9268]  INFO -- : http://makler.ge/?pg=ann&id=10021225&lan=1 - success
I, [2014-04-11T16:58:45.183460 #9268]  INFO -- : processing response for id 10021225 and locale 1
I, [2014-04-11T16:58:45.406665 #9268]  INFO -- : http://makler.ge/?pg=ann&id=10021244&lan=2 - success
I, [2014-04-11T16:58:45.407835 #9268]  INFO -- : processing response for id 10021244 and locale 2
I, [2014-04-11T16:58:45.600131 #9268]  INFO -- : http://makler.ge/?pg=ann&id=2285162&lan=1 - success
I, [2014-04-11T16:58:45.601341 #9268]  INFO -- : processing response for id 2285162 and locale 1
I, [2014-04-11T16:58:45.625755 #9268]  INFO -- : http://makler.ge/?pg=ann&id=10021252&lan=1 - success
I, [2014-04-11T16:58:45.626080 #9268]  INFO -- : processing response for id 10021252 and locale 1
I, [2014-04-11T16:58:45.849194 #9268]  INFO -- : http://makler.ge/?pg=ann&id=10021160&lan=1 - success
I, [2014-04-11T16:58:45.850451 #9268]  INFO -- : processing response for id 10021160 and locale 1
I, [2014-04-11T16:58:45.878261 #9268]  INFO -- : http://makler.ge/?pg=ann&id=10021251&lan=1 - success
I, [2014-04-11T16:58:45.878594 #9268]  INFO -- : processing response for id 10021251 and locale 1
I, [2014-04-11T16:58:45.902977 #9268]  INFO -- : http://makler.ge/?pg=ann&id=10021259&lan=1 - success
I, [2014-04-11T16:58:45.903287 #9268]  INFO -- : processing response for id 10021259 and locale 1
I, [2014-04-11T16:58:45.931218 #9268]  INFO -- : http://makler.ge/?pg=ann&id=10021259&lan=2 - success
I, [2014-04-11T16:58:45.931602 #9268]  INFO -- : processing response for id 10021259 and locale 2
I, [2014-04-11T16:58:46.076102 #9268]  INFO -- : http://makler.ge/?pg=ann&id=10020857&lan=1 - success
I, [2014-04-11T16:58:46.077070 #9268]  INFO -- : processing response for id 10020857 and locale 1
I, [2014-04-11T16:58:46.097152 #9268]  INFO -- : http://makler.ge/?pg=ann&id=10021145&lan=1 - success
I, [2014-04-11T16:58:46.097507 #9268]  INFO -- : processing response for id 10021145 and locale 1
I, [2014-04-11T16:58:46.267604 #9268]  INFO -- : http://makler.ge/?pg=ann&id=10021253&lan=1 - success
I, [2014-04-11T16:58:46.268539 #9268]  INFO -- : processing response for id 10021253 and locale 1
I, [2014-04-11T16:58:46.318234 #9268]  INFO -- : http://makler.ge/?pg=ann&id=10021255&lan=1 - success
I, [2014-04-11T16:58:46.320805 #9268]  INFO -- : processing response for id 10021255 and locale 1
I, [2014-04-11T16:58:46.353097 #9268]  INFO -- : http://makler.ge/?pg=ann&id=10021251&lan=2 - success
I, [2014-04-11T16:58:46.353476 #9268]  INFO -- : processing response for id 10021251 and locale 2
I, [2014-04-11T16:58:46.380269 #9268]  INFO -- : http://makler.ge/?pg=ann&id=10021258&lan=1 - success
I, [2014-04-11T16:58:46.380573 #9268]  INFO -- : processing response for id 10021258 and locale 1
I, [2014-04-11T16:58:46.405567 #9268]  INFO -- : http://makler.ge/?pg=ann&id=10021160&lan=2 - success
I, [2014-04-11T16:58:46.405873 #9268]  INFO -- : processing response for id 10021160 and locale 2
I, [2014-04-11T16:58:46.434588 #9268]  INFO -- : http://makler.ge/?pg=ann&id=2285162&lan=2 - success
I, [2014-04-11T16:58:46.434934 #9268]  INFO -- : processing response for id 2285162 and locale 2
I, [2014-04-11T16:58:46.533228 #9268]  INFO -- : http://makler.ge/?pg=ann&id=10021145&lan=2 - success
I, [2014-04-11T16:58:46.534225 #9268]  INFO -- : processing response for id 10021145 and locale 2
I, [2014-04-11T16:58:46.574150 #9268]  INFO -- : http://makler.ge/?pg=ann&id=10021255&lan=2 - success
I, [2014-04-11T16:58:46.575070 #9268]  INFO -- : processing response for id 10021255 and locale 2
I, [2014-04-11T16:58:46.999706 #9268]  INFO -- : http://makler.ge/?pg=ann&id=10021253&lan=2 - success
I, [2014-04-11T16:58:47.003594 #9268]  INFO -- : processing response for id 10021253 and locale 2
I, [2014-04-11T16:58:47.037936 #9268]  INFO -- : ------------------------------
I, [2014-04-11T16:58:47.038301 #9268]  INFO -- : It took 5.566518273 seconds to process 30 items
I, [2014-04-11T16:58:47.038362 #9268]  INFO -- : ------------------------------
