E, [2014-04-13T21:21:17.592110 #29198] ERROR -- : Missing detail json key for text: 'გირავდება' in record 10021358
E, [2014-04-13T21:21:17.685231 #29198] ERROR -- : Missing detail json key for text: 'გირავდება' in record 10021369
E, [2014-04-13T21:21:17.956006 #29198] ERROR -- : Missing detail json key for text: 'for lease' in record 10021358
E, [2014-04-13T21:21:22.108481 #29198] ERROR -- : Missing detail json key for text: 'for lease' in record 10021369
E, [2014-04-13T21:27:29.470995 #29275] ERROR -- : Missing detail json key for text: 'გირავდება' in record 10021369
E, [2014-04-13T21:27:29.764437 #29275] ERROR -- : Missing detail json key for text: 'გირავდება' in record 10021358
E, [2014-04-13T21:27:30.116335 #29275] ERROR -- : Missing detail json key for text: 'for lease' in record 10021358
E, [2014-04-13T21:27:30.411030 #29275] ERROR -- : Missing detail json key for text: 'for lease' in record 10021369
E, [2014-04-13T22:02:10.177724 #29695] ERROR -- : Missing detail json key for text: 'გირავდება' in record 10021358
E, [2014-04-13T22:02:10.261689 #29695] ERROR -- : Missing detail json key for text: 'for lease' in record 10021358
E, [2014-04-13T22:02:14.846040 #29695] ERROR -- : Missing detail json key for text: 'გირავდება' in record 10021369
E, [2014-04-13T22:02:14.866975 #29695] ERROR -- : Missing detail json key for text: 'for lease' in record 10021369
E, [2014-04-13T22:02:43.607403 #29726] ERROR -- : Missing detail json key for text: 'for lease' in record 10021358
E, [2014-04-13T22:02:43.763823 #29726] ERROR -- : Missing detail json key for text: 'for lease' in record 10021369
E, [2014-04-13T22:02:44.354362 #29726] ERROR -- : Missing detail json key for text: 'გირავდება' in record 10021358
E, [2014-04-13T22:02:47.468030 #29726] ERROR -- : Missing detail json key for text: 'გირავდება' in record 10021369
E, [2014-04-13T22:03:22.718866 #29758] ERROR -- : Missing detail json key for text: 'გირავდება' in record 10021369
E, [2014-04-13T22:03:23.017553 #29758] ERROR -- : Missing detail json key for text: 'გირავდება' in record 10021358
E, [2014-04-13T22:03:23.366985 #29758] ERROR -- : Missing detail json key for text: 'for lease' in record 10021369
E, [2014-04-13T22:03:23.569591 #29758] ERROR -- : Missing detail json key for text: 'for lease' in record 10021358
E, [2014-04-16T11:11:41.955952 #771] ERROR -- : Missing spec json key for text: 'საწარმოო შენობა (m²):' in record 10021511
E, [2014-04-16T11:14:49.981170 #2354] ERROR -- : Missing spec json key for text: 'საწარმოო შენობა (m²):' in record 10021511
E, [2014-04-16T12:11:05.555491 #3181] ERROR -- : Missing detail json key for text: 'cadastral' in record 10020800
E, [2014-04-16T12:11:07.448231 #3181] ERROR -- : Missing detail json key for text: 'საკადასტრო' in record 10020800
E, [2014-04-16T12:11:07.894928 #3181] ERROR -- : Missing spec json key for text: 'საწარმოო შენობა (m²):' in record 10016803
E, [2014-04-16T12:25:26.273244 #3731] ERROR -- : Missing detail json key for text: 'cadastral' in record 10020800
E, [2014-04-16T12:25:26.307985 #3731] ERROR -- : Missing spec json key for text: 'საწარმოო შენობა (m²):' in record 10016803
E, [2014-04-16T12:25:27.000780 #3731] ERROR -- : Missing detail json key for text: 'საკადასტრო' in record 10020800
E, [2014-04-18T09:53:16.117700 #7683] ERROR -- : Missing detail json key for text: 'საკადასტრო' in record 10021609
E, [2014-04-18T09:53:16.270154 #7683] ERROR -- : Missing detail json key for text: 'საკადასტრო' in record 10021610
E, [2014-04-18T09:53:19.539834 #7683] ERROR -- : Missing detail json key for text: 'საკადასტრო' in record 10020800
E, [2014-04-18T09:53:58.313988 #7683] ERROR -- : Missing spec json key for text: 'ლუქსი:' in record 10012511
E, [2014-04-18T09:54:36.106127 #7683] ERROR -- : Missing detail json key for text: 'საკადასტრო' in record 10016031
E, [2014-04-18T09:54:37.652242 #7683] ERROR -- : Missing spec json key for text: 'ლუქსი:' in record 10020921
E, [2014-04-18T09:54:38.338162 #7683] ERROR -- : Missing spec json key for text: 'ლუქსი:' in record 10020970
E, [2014-04-18T09:55:00.421290 #7683] ERROR -- : Missing detail json key for text: 'სავარ. გაქ. ფასი' in record 10000113
E, [2014-04-18T09:55:05.805842 #7683] ERROR -- : Missing detail json key for text: 'საკადასტრო' in record 10017551
E, [2014-04-18T09:55:06.587776 #7683] ERROR -- : Missing spec json key for text: 'ლუქსი:' in record 10015835
E, [2014-04-18T09:55:10.959867 #7683] ERROR -- : Missing spec json key for text: 'ლუქსი:' in record 10015897
E, [2014-04-18T09:55:19.153992 #7683] ERROR -- : Missing detail json key for text: 'საკადასტრო' in record 10018066
E, [2014-04-18T09:55:24.461934 #7683] ERROR -- : Missing detail json key for text: 'საკადასტრო' in record 3048348
E, [2014-04-18T09:56:41.217691 #7683] ERROR -- : Missing detail json key for text: 'საკადასტრო' in record 9895443
E, [2014-04-18T09:57:05.402114 #7683] ERROR -- : Missing detail json key for text: 'სავარ. გაქ. ფასი' in record 4202139
